2016-10-15 17:29:42.001+0000 INFO  [o.n.k.i.f.CommunityFacadeFactory] No locking implementation specified, defaulting to 'community'
2016-10-15 17:29:42.079+0000 INFO  [o.n.k.AvailabilityGuard] Requirement makes database unavailable: Database available
2016-10-15 17:29:42.102+0000 INFO  [o.n.k.i.DiagnosticsManager] --- INITIALIZED diagnostics START ---
2016-10-15 17:29:42.102+0000 INFO  [o.n.k.i.DiagnosticsManager] Neo4j Kernel properties:
2016-10-15 17:29:42.102+0000 INFO  [o.n.k.i.DiagnosticsManager] dbms.connector.http.enabled=true
2016-10-15 17:29:42.102+0000 INFO  [o.n.k.i.DiagnosticsManager] dbms.security.auth_enabled=false
2016-10-15 17:29:42.102+0000 INFO  [o.n.k.i.DiagnosticsManager] dbms.connector.bolt.type=BOLT
2016-10-15 17:29:42.102+0000 INFO  [o.n.k.i.DiagnosticsManager] unsupported.dbms.directories.neo4j_home=/Users/duckstab/git/StabbyMcDuck/crapper_keeper/db/neo4j/development
2016-10-15 17:29:42.103+0000 INFO  [o.n.k.i.DiagnosticsManager] dbms.directories.import=import
2016-10-15 17:29:42.103+0000 INFO  [o.n.k.i.DiagnosticsManager] dbms.connector.bolt.tls_level=OPTIONAL
2016-10-15 17:29:42.103+0000 INFO  [o.n.k.i.DiagnosticsManager] dbms.shell.enabled=true
2016-10-15 17:29:42.103+0000 INFO  [o.n.k.i.DiagnosticsManager] dbms.connector.https.address=localhost:7473
2016-10-15 17:29:42.103+0000 INFO  [o.n.k.i.DiagnosticsManager] dbms.connector.https.enabled=false
2016-10-15 17:29:42.103+0000 INFO  [o.n.k.i.DiagnosticsManager] dbms.connector.http.type=HTTP
2016-10-15 17:29:42.103+0000 INFO  [o.n.k.i.DiagnosticsManager] dbms.connector.https.encryption=TLS
2016-10-15 17:29:42.103+0000 INFO  [o.n.k.i.DiagnosticsManager] dbms.connector.https.type=HTTP
2016-10-15 17:29:42.103+0000 INFO  [o.n.k.i.DiagnosticsManager] unsupported.dbms.security.auth_store.location=data/dbms/auth
2016-10-15 17:29:42.103+0000 INFO  [o.n.k.i.DiagnosticsManager] unsupported.dbms.edition=community
2016-10-15 17:29:42.104+0000 INFO  [o.n.k.i.DiagnosticsManager] dbms.connector.bolt.address=localhost:7472
2016-10-15 17:29:42.104+0000 INFO  [o.n.k.i.DiagnosticsManager] dbms.connector.http.address=localhost:7474
2016-10-15 17:29:42.104+0000 INFO  [o.n.k.i.DiagnosticsManager] dbms.connector.bolt.enabled=true
2016-10-15 17:29:42.104+0000 INFO  [o.n.k.i.DiagnosticsManager] Diagnostics providers:
2016-10-15 17:29:42.104+0000 INFO  [o.n.k.i.DiagnosticsManager] org.neo4j.kernel.configuration.Config
2016-10-15 17:29:42.104+0000 INFO  [o.n.k.i.DiagnosticsManager] org.neo4j.kernel.info.DiagnosticsManager
2016-10-15 17:29:42.104+0000 INFO  [o.n.k.i.DiagnosticsManager] SYSTEM_MEMORY
2016-10-15 17:29:42.104+0000 INFO  [o.n.k.i.DiagnosticsManager] JAVA_MEMORY
2016-10-15 17:29:42.104+0000 INFO  [o.n.k.i.DiagnosticsManager] OPERATING_SYSTEM
2016-10-15 17:29:42.104+0000 INFO  [o.n.k.i.DiagnosticsManager] JAVA_VIRTUAL_MACHINE
2016-10-15 17:29:42.104+0000 INFO  [o.n.k.i.DiagnosticsManager] CLASSPATH
2016-10-15 17:29:42.104+0000 INFO  [o.n.k.i.DiagnosticsManager] LIBRARY_PATH
2016-10-15 17:29:42.105+0000 INFO  [o.n.k.i.DiagnosticsManager] SYSTEM_PROPERTIES
2016-10-15 17:29:42.105+0000 INFO  [o.n.k.i.DiagnosticsManager] NETWORK
2016-10-15 17:29:42.105+0000 INFO  [o.n.k.i.DiagnosticsManager] System memory information:
2016-10-15 17:29:42.107+0000 INFO  [o.n.k.i.DiagnosticsManager] Total Physical memory: 16.00 GB
2016-10-15 17:29:42.108+0000 INFO  [o.n.k.i.DiagnosticsManager] Free Physical memory: 1.90 GB
2016-10-15 17:29:42.108+0000 INFO  [o.n.k.i.DiagnosticsManager] Committed virtual memory: 7.95 GB
2016-10-15 17:29:42.109+0000 INFO  [o.n.k.i.DiagnosticsManager] Total swap space: 3.00 GB
2016-10-15 17:29:42.109+0000 INFO  [o.n.k.i.DiagnosticsManager] Free swap space: 926.50 MB
2016-10-15 17:29:42.109+0000 INFO  [o.n.k.i.DiagnosticsManager] JVM memory information:
2016-10-15 17:29:42.109+0000 INFO  [o.n.k.i.DiagnosticsManager] Free  memory: 200.40 MB
2016-10-15 17:29:42.110+0000 INFO  [o.n.k.i.DiagnosticsManager] Total memory: 256.00 MB
2016-10-15 17:29:42.110+0000 INFO  [o.n.k.i.DiagnosticsManager] Max   memory: 4.00 GB
2016-10-15 17:29:42.114+0000 INFO  [o.n.k.i.DiagnosticsManager] Garbage Collector: G1 Young Generation: [G1 Eden Space, G1 Survivor Space]
2016-10-15 17:29:42.114+0000 INFO  [o.n.k.i.DiagnosticsManager] Garbage Collector: G1 Old Generation: [G1 Eden Space, G1 Survivor Space, G1 Old Gen]
2016-10-15 17:29:42.115+0000 INFO  [o.n.k.i.DiagnosticsManager] Memory Pool: Code Cache (Non-heap memory): committed=3.63 MB, used=3.60 MB, max=240.00 MB, threshold=0.00 B
2016-10-15 17:29:42.116+0000 INFO  [o.n.k.i.DiagnosticsManager] Memory Pool: Metaspace (Non-heap memory): committed=10.75 MB, used=10.07 MB, max=-1.00 B, threshold=0.00 B
2016-10-15 17:29:42.116+0000 INFO  [o.n.k.i.DiagnosticsManager] Memory Pool: Compressed Class Space (Non-heap memory): committed=1.50 MB, used=1.29 MB, max=1.00 GB, threshold=0.00 B
2016-10-15 17:29:42.116+0000 INFO  [o.n.k.i.DiagnosticsManager] Memory Pool: G1 Eden Space (Heap memory): committed=11.00 MB, used=2.00 MB, max=-1.00 B, threshold=?
2016-10-15 17:29:42.116+0000 INFO  [o.n.k.i.DiagnosticsManager] Memory Pool: G1 Survivor Space (Heap memory): committed=2.00 MB, used=2.00 MB, max=-1.00 B, threshold=?
2016-10-15 17:29:42.116+0000 INFO  [o.n.k.i.DiagnosticsManager] Memory Pool: G1 Old Gen (Heap memory): committed=243.00 MB, used=51.00 MB, max=4.00 GB, threshold=0.00 B
2016-10-15 17:29:42.117+0000 INFO  [o.n.k.i.DiagnosticsManager] Operating system information:
2016-10-15 17:29:42.117+0000 INFO  [o.n.k.i.DiagnosticsManager] Operating System: Mac OS X; version: 10.12; arch: x86_64; cpus: 8
2016-10-15 17:29:42.118+0000 INFO  [o.n.k.i.DiagnosticsManager] Max number of file descriptors: 10240
2016-10-15 17:29:42.118+0000 INFO  [o.n.k.i.DiagnosticsManager] Number of open file descriptors: 87
2016-10-15 17:29:47.204+0000 INFO  [o.n.k.i.DiagnosticsManager] Process id: 24489@Reginas-MacBook-Pro.local
2016-10-15 17:29:47.205+0000 INFO  [o.n.k.i.DiagnosticsManager] Byte order: LITTLE_ENDIAN
2016-10-15 17:29:47.205+0000 INFO  [o.n.k.i.DiagnosticsManager] Local timezone: America/Chicago
2016-10-15 17:29:47.205+0000 INFO  [o.n.k.i.DiagnosticsManager] JVM information:
2016-10-15 17:29:47.205+0000 INFO  [o.n.k.i.DiagnosticsManager] VM Name: Java HotSpot(TM) 64-Bit Server VM
2016-10-15 17:29:47.205+0000 INFO  [o.n.k.i.DiagnosticsManager] VM Vendor: Oracle Corporation
2016-10-15 17:29:47.205+0000 INFO  [o.n.k.i.DiagnosticsManager] VM Version: 25.71-b15
2016-10-15 17:29:47.206+0000 INFO  [o.n.k.i.DiagnosticsManager] JIT compiler: HotSpot 64-Bit Tiered Compilers
2016-10-15 17:29:47.207+0000 INFO  [o.n.k.i.DiagnosticsManager] VM Arguments: [-XX:+UseG1GC, -XX:-OmitStackTraceInFastThrow, -XX:hashCode=5, -XX:+AlwaysPreTouch, -XX:+UnlockExperimentalVMOptions, -XX:+TrustFinalNonStaticFields, -XX:+DisableExplicitGC, -Djdk.tls.ephemeralDHKeySize=2048, -Dunsupported.dbms.udc.source=tarball, -Dfile.encoding=UTF-8]
2016-10-15 17:29:47.207+0000 INFO  [o.n.k.i.DiagnosticsManager] Java classpath:
2016-10-15 17:29:47.208+0000 INFO  [o.n.k.i.DiagnosticsManager]  [classpath + loader.0] file:/Users/duckstab/git/StabbyMcDuck/crapper_keeper/db/neo4j/development/lib/jline-2.12.jar
2016-10-15 17:29:47.209+0000 INFO  [o.n.k.i.DiagnosticsManager]  [classpath + loader.0] file:/Users/duckstab/git/StabbyMcDuck/crapper_keeper/db/neo4j/development/lib/mimepull-1.9.3.jar
2016-10-15 17:29:47.209+0000 INFO  [o.n.k.i.DiagnosticsManager]  [classpath + loader.0] file:/Users/duckstab/git/StabbyMcDuck/crapper_keeper/db/neo4j/development/lib/neo4j-primitive-collections-3.0.6.jar
2016-10-15 17:29:47.209+0000 INFO  [o.n.k.i.DiagnosticsManager]  [classpath + loader.0] file:/Users/duckstab/git/StabbyMcDuck/crapper_keeper/db/neo4j/development/lib/lucene-core-5.5.0.jar
2016-10-15 17:29:47.209+0000 INFO  [o.n.k.i.DiagnosticsManager]  [classpath + loader.0] file:/Users/duckstab/git/StabbyMcDuck/crapper_keeper/db/neo4j/development/lib/neo4j-cypher-frontend-3.0-3.0.6.jar
2016-10-15 17:29:47.209+0000 INFO  [o.n.k.i.DiagnosticsManager]  [classpath + loader.0] file:/Users/duckstab/git/StabbyMcDuck/crapper_keeper/db/neo4j/development/lib/neo4j-lucene-index-3.0.6.jar
2016-10-15 17:29:47.209+0000 INFO  [o.n.k.i.DiagnosticsManager]  [loader.1] file:/Library/Java/JavaVirtualMachines/jdk1.8.0_71.jdk/Contents/Home/jre/lib/ext/sunpkcs11.jar
2016-10-15 17:29:47.209+0000 INFO  [o.n.k.i.DiagnosticsManager]  [classpath + loader.0] file:/Users/duckstab/git/StabbyMcDuck/crapper_keeper/db/neo4j/development/lib/javax.servlet-api-3.1.0.jar
2016-10-15 17:29:47.209+0000 INFO  [o.n.k.i.DiagnosticsManager]  [classpath + loader.0] file:/Users/duckstab/git/StabbyMcDuck/crapper_keeper/db/neo4j/development/plugins/*
2016-10-15 17:29:47.209+0000 INFO  [o.n.k.i.DiagnosticsManager]  [bootstrap] /Library/Java/JavaVirtualMachines/jdk1.8.0_71.jdk/Contents/Home/jre/lib/rt.jar
2016-10-15 17:29:47.209+0000 INFO  [o.n.k.i.DiagnosticsManager]  [classpath + loader.0] file:/Users/duckstab/git/StabbyMcDuck/crapper_keeper/db/neo4j/development/lib/jersey-servlet-1.19.jar
2016-10-15 17:29:47.209+0000 INFO  [o.n.k.i.DiagnosticsManager]  [classpath + loader.0] file:/Users/duckstab/git/StabbyMcDuck/crapper_keeper/db/neo4j/development/lib/jackson-mapper-asl-1.9.13.jar
2016-10-15 17:29:47.209+0000 INFO  [o.n.k.i.DiagnosticsManager]  [classpath + loader.0] file:/Users/duckstab/git/StabbyMcDuck/crapper_keeper/db/neo4j/development/lib/bcprov-jdk15on-1.53.jar
2016-10-15 17:29:47.209+0000 INFO  [o.n.k.i.DiagnosticsManager]  [classpath + loader.0] file:/Users/duckstab/git/StabbyMcDuck/crapper_keeper/db/neo4j/development/lib/netty-all-4.0.28.Final.jar
2016-10-15 17:29:47.209+0000 INFO  [o.n.k.i.DiagnosticsManager]  [classpath + loader.0] file:/Users/duckstab/git/StabbyMcDuck/crapper_keeper/db/neo4j/development/lib/commons-beanutils-1.8.3.jar
2016-10-15 17:29:47.209+0000 INFO  [o.n.k.i.DiagnosticsManager]  [classpath + loader.0] file:/Users/duckstab/git/StabbyMcDuck/crapper_keeper/db/neo4j/development/lib/jersey-server-1.19.jar
2016-10-15 17:29:47.209+0000 INFO  [o.n.k.i.DiagnosticsManager]  [classpath + loader.0] file:/Users/duckstab/git/StabbyMcDuck/crapper_keeper/db/neo4j/development/lib/neo4j-lucene-upgrade-3.0.6.jar
2016-10-15 17:29:47.209+0000 INFO  [o.n.k.i.DiagnosticsManager]  [bootstrap] /Library/Java/JavaVirtualMachines/jdk1.8.0_71.jdk/Contents/Home/jre/lib/jsse.jar
2016-10-15 17:29:47.209+0000 INFO  [o.n.k.i.DiagnosticsManager]  [classpath + loader.0] file:/Users/duckstab/git/StabbyMcDuck/crapper_keeper/db/neo4j/development/lib/neo4j-server-3.0.6.jar
2016-10-15 17:29:47.209+0000 INFO  [o.n.k.i.DiagnosticsManager]  [classpath + loader.0] file:/Users/duckstab/git/StabbyMcDuck/crapper_keeper/db/neo4j/development/lib/neo4j-csv-3.0.6.jar
2016-10-15 17:29:47.209+0000 INFO  [o.n.k.i.DiagnosticsManager]  [classpath + loader.0] file:/Users/duckstab/git/StabbyMcDuck/crapper_keeper/db/neo4j/development/lib/neo4j-codegen-3.0.6.jar
2016-10-15 17:29:47.209+0000 INFO  [o.n.k.i.DiagnosticsManager]  [classpath + loader.0] file:/Users/duckstab/git/StabbyMcDuck/crapper_keeper/db/neo4j/development/lib/opencsv-2.3.jar
2016-10-15 17:29:47.209+0000 INFO  [o.n.k.i.DiagnosticsManager]  [classpath + loader.0] file:/Users/duckstab/git/StabbyMcDuck/crapper_keeper/db/neo4j/development/conf/
2016-10-15 17:29:47.209+0000 INFO  [o.n.k.i.DiagnosticsManager]  [bootstrap] /Library/Java/JavaVirtualMachines/jdk1.8.0_71.jdk/Contents/Home/jre/lib/sunrsasign.jar
2016-10-15 17:29:47.209+0000 INFO  [o.n.k.i.DiagnosticsManager]  [classpath + loader.0] file:/Users/duckstab/git/StabbyMcDuck/crapper_keeper/db/neo4j/development/lib/parboiled-core-1.1.7.jar
2016-10-15 17:29:47.210+0000 INFO  [o.n.k.i.DiagnosticsManager]  [classpath + loader.0] file:/Users/duckstab/git/StabbyMcDuck/crapper_keeper/db/neo4j/development/lib/commons-configuration-1.10.jar
2016-10-15 17:29:47.210+0000 INFO  [o.n.k.i.DiagnosticsManager]  [classpath + loader.0] file:/Users/duckstab/git/StabbyMcDuck/crapper_keeper/db/neo4j/development/lib/jetty-security-9.2.9.v20150224.jar
2016-10-15 17:29:47.210+0000 INFO  [o.n.k.i.DiagnosticsManager]  [classpath + loader.0] file:/Users/duckstab/git/StabbyMcDuck/crapper_keeper/db/neo4j/development/lib/neo4j-jmx-3.0.6.jar
2016-10-15 17:29:47.210+0000 INFO  [o.n.k.i.DiagnosticsManager]  [classpath + loader.0] file:/Users/duckstab/git/StabbyMcDuck/crapper_keeper/db/neo4j/development/lib/bcpkix-jdk15on-1.53.jar
2016-10-15 17:29:47.210+0000 INFO  [o.n.k.i.DiagnosticsManager]  [classpath + loader.0] file:/Users/duckstab/git/StabbyMcDuck/crapper_keeper/db/neo4j/development/lib/neo4j-cypher-3.0.6.jar
2016-10-15 17:29:47.210+0000 INFO  [o.n.k.i.DiagnosticsManager]  [classpath + loader.0] file:/Users/duckstab/git/StabbyMcDuck/crapper_keeper/db/neo4j/development/lib/lucene-queryparser-5.5.0.jar
2016-10-15 17:29:47.210+0000 INFO  [o.n.k.i.DiagnosticsManager]  [classpath + loader.0] file:/Users/duckstab/git/StabbyMcDuck/crapper_keeper/db/neo4j/development/lib/commons-digester-2.1.jar
2016-10-15 17:29:47.210+0000 INFO  [o.n.k.i.DiagnosticsManager]  [bootstrap] /Library/Java/JavaVirtualMachines/jdk1.8.0_71.jdk/Contents/Home/jre/lib/resources.jar
2016-10-15 17:29:47.210+0000 INFO  [o.n.k.i.DiagnosticsManager]  [bootstrap] /Library/Java/JavaVirtualMachines/jdk1.8.0_71.jdk/Contents/Home/jre/lib/jfr.jar
2016-10-15 17:29:47.210+0000 INFO  [o.n.k.i.DiagnosticsManager]  [classpath + loader.0] file:/Users/duckstab/git/StabbyMcDuck/crapper_keeper/db/neo4j/development/lib/neo4j-graphdb-api-3.0.6.jar
2016-10-15 17:29:47.210+0000 INFO  [o.n.k.i.DiagnosticsManager]  [classpath + loader.0] file:/Users/duckstab/git/StabbyMcDuck/crapper_keeper/db/neo4j/development/lib/parboiled-scala_2.11-1.1.7.jar
2016-10-15 17:29:47.210+0000 INFO  [o.n.k.i.DiagnosticsManager]  [classpath + loader.0] file:/Users/duckstab/git/StabbyMcDuck/crapper_keeper/db/neo4j/development/lib/jsr311-api-1.1.2.r612.jar
2016-10-15 17:29:47.210+0000 INFO  [o.n.k.i.DiagnosticsManager]  [classpath + loader.0] file:/Users/duckstab/git/StabbyMcDuck/crapper_keeper/db/neo4j/development/lib/neo4j-kernel-3.0.6.jar
2016-10-15 17:29:47.210+0000 INFO  [o.n.k.i.DiagnosticsManager]  [classpath + loader.0] file:/Users/duckstab/git/StabbyMcDuck/crapper_keeper/db/neo4j/development/lib/jetty-server-9.2.9.v20150224.jar
2016-10-15 17:29:47.210+0000 INFO  [o.n.k.i.DiagnosticsManager]  [classpath + loader.0] file:/Users/duckstab/git/StabbyMcDuck/crapper_keeper/db/neo4j/development/lib/lucene-analyzers-common-5.5.0.jar
2016-10-15 17:29:47.210+0000 INFO  [o.n.k.i.DiagnosticsManager]  [classpath + loader.0] file:/Users/duckstab/git/StabbyMcDuck/crapper_keeper/db/neo4j/development/lib/neo4j-graph-algo-3.0.6.jar
2016-10-15 17:29:47.210+0000 INFO  [o.n.k.i.DiagnosticsManager]  [classpath + loader.0] file:/Users/duckstab/git/StabbyMcDuck/crapper_keeper/db/neo4j/development/lib/neo4j-cypher-frontend-2.3-2.3.7.jar
2016-10-15 17:29:47.210+0000 INFO  [o.n.k.i.DiagnosticsManager]  [classpath + loader.0] file:/Users/duckstab/git/StabbyMcDuck/crapper_keeper/db/neo4j/development/lib/scala-library-2.11.8.jar
2016-10-15 17:29:47.210+0000 INFO  [o.n.k.i.DiagnosticsManager]  [classpath + loader.0] file:/Users/duckstab/git/StabbyMcDuck/crapper_keeper/db/neo4j/development/lib/scala-reflect-2.11.8.jar
2016-10-15 17:29:47.210+0000 INFO  [o.n.k.i.DiagnosticsManager]  [loader.1] file:/System/Library/Java/Extensions/MRJToolkit.jar
2016-10-15 17:29:47.210+0000 INFO  [o.n.k.i.DiagnosticsManager]  [classpath + loader.0] file:/Users/duckstab/git/StabbyMcDuck/crapper_keeper/db/neo4j/development/lib/neo4j-shell-3.0.6.jar
2016-10-15 17:29:47.210+0000 INFO  [o.n.k.i.DiagnosticsManager]  [classpath + loader.0] file:/Users/duckstab/git/StabbyMcDuck/crapper_keeper/db/neo4j/development/lib/server-api-3.0.6.jar
2016-10-15 17:29:47.210+0000 INFO  [o.n.k.i.DiagnosticsManager]  [classpath + loader.0] file:/Users/duckstab/git/StabbyMcDuck/crapper_keeper/db/neo4j/development/lib/concurrentlinkedhashmap-lru-1.4.2.jar
2016-10-15 17:29:47.210+0000 INFO  [o.n.k.i.DiagnosticsManager]  [classpath + loader.0] file:/Users/duckstab/git/StabbyMcDuck/crapper_keeper/db/neo4j/development/lib/neo4j-dbms-3.0.6.jar
2016-10-15 17:29:47.210+0000 INFO  [o.n.k.i.DiagnosticsManager]  [classpath + loader.0] file:/Users/duckstab/git/StabbyMcDuck/crapper_keeper/db/neo4j/development/lib/neo4j-logging-3.0.6.jar
2016-10-15 17:29:47.210+0000 INFO  [o.n.k.i.DiagnosticsManager]  [classpath + loader.0] file:/Users/duckstab/git/StabbyMcDuck/crapper_keeper/db/neo4j/development/lib/jackson-jaxrs-1.9.13.jar
2016-10-15 17:29:47.210+0000 INFO  [o.n.k.i.DiagnosticsManager]  [loader.1] file:/Library/Java/JavaVirtualMachines/jdk1.8.0_71.jdk/Contents/Home/jre/lib/ext/jfxrt.jar
2016-10-15 17:29:47.210+0000 INFO  [o.n.k.i.DiagnosticsManager]  [loader.1] file:/Library/Java/JavaVirtualMachines/jdk1.8.0_71.jdk/Contents/Home/jre/lib/ext/zipfs.jar
2016-10-15 17:29:47.210+0000 INFO  [o.n.k.i.DiagnosticsManager]  [classpath + loader.0] file:/Users/duckstab/git/StabbyMcDuck/crapper_keeper/db/neo4j/development/lib/neo4j-consistency-check-3.0.6.jar
2016-10-15 17:29:47.210+0000 INFO  [o.n.k.i.DiagnosticsManager]  [classpath + loader.0] file:/Users/duckstab/git/StabbyMcDuck/crapper_keeper/db/neo4j/development/lib/asm-5.0.2.jar
2016-10-15 17:29:47.210+0000 INFO  [o.n.k.i.DiagnosticsManager]  [classpath + loader.0] file:/Users/duckstab/git/StabbyMcDuck/crapper_keeper/db/neo4j/development/lib/jetty-util-9.2.9.v20150224.jar
2016-10-15 17:29:47.210+0000 INFO  [o.n.k.i.DiagnosticsManager]  [classpath + loader.0] file:/Users/duckstab/git/StabbyMcDuck/crapper_keeper/db/neo4j/development/lib/commons-io-2.4.jar
2016-10-15 17:29:47.211+0000 INFO  [o.n.k.i.DiagnosticsManager]  [classpath + loader.0] file:/Users/duckstab/git/StabbyMcDuck/crapper_keeper/db/neo4j/development/lib/jetty-servlet-9.2.9.v20150224.jar
2016-10-15 17:29:47.211+0000 INFO  [o.n.k.i.DiagnosticsManager]  [loader.1] file:/Library/Java/JavaVirtualMachines/jdk1.8.0_71.jdk/Contents/Home/jre/lib/ext/sunec.jar
2016-10-15 17:29:47.211+0000 INFO  [o.n.k.i.DiagnosticsManager]  [loader.1] file:/Library/Java/JavaVirtualMachines/jdk1.8.0_71.jdk/Contents/Home/jre/lib/ext/jaccess.jar
2016-10-15 17:29:47.211+0000 INFO  [o.n.k.i.DiagnosticsManager]  [classpath + loader.0] file:/Users/duckstab/git/StabbyMcDuck/crapper_keeper/db/neo4j/development/lib/neo4j-bolt-3.0.6.jar
2016-10-15 17:29:47.211+0000 INFO  [o.n.k.i.DiagnosticsManager]  [classpath + loader.0] file:/Users/duckstab/git/StabbyMcDuck/crapper_keeper/db/neo4j/development/lib/neo4j-cypher-compiler-3.0-3.0.6.jar
2016-10-15 17:29:47.211+0000 INFO  [o.n.k.i.DiagnosticsManager]  [classpath + loader.0] file:/Users/duckstab/git/StabbyMcDuck/crapper_keeper/db/neo4j/development/lib/neo4j-security-3.0.6.jar
2016-10-15 17:29:47.211+0000 INFO  [o.n.k.i.DiagnosticsManager]  [classpath + loader.0] file:/Users/duckstab/git/StabbyMcDuck/crapper_keeper/db/neo4j/development/lib/jetty-io-9.2.9.v20150224.jar
2016-10-15 17:29:47.211+0000 INFO  [o.n.k.i.DiagnosticsManager]  [classpath + loader.0] file:/Users/duckstab/git/StabbyMcDuck/crapper_keeper/db/neo4j/development/lib/neo4j-common-3.0.6.jar
2016-10-15 17:29:47.211+0000 INFO  [o.n.k.i.DiagnosticsManager]  [classpath + loader.0] file:/Users/duckstab/git/StabbyMcDuck/crapper_keeper/db/neo4j/development/lib/neo4j-udc-3.0.6.jar
2016-10-15 17:29:47.211+0000 INFO  [o.n.k.i.DiagnosticsManager]  [classpath + loader.0] file:/Users/duckstab/git/StabbyMcDuck/crapper_keeper/db/neo4j/development/lib/neo4j-resource-3.0.6.jar
2016-10-15 17:29:47.211+0000 INFO  [o.n.k.i.DiagnosticsManager]  [bootstrap] /Library/Java/JavaVirtualMachines/jdk1.8.0_71.jdk/Contents/Home/jre/lib/charsets.jar
2016-10-15 17:29:47.211+0000 INFO  [o.n.k.i.DiagnosticsManager]  [classpath + loader.0] file:/Users/duckstab/git/StabbyMcDuck/crapper_keeper/db/neo4j/development/lib/commons-lang3-3.3.2.jar
2016-10-15 17:29:47.211+0000 INFO  [o.n.k.i.DiagnosticsManager]  [classpath + loader.0] file:/Users/duckstab/git/StabbyMcDuck/crapper_keeper/db/neo4j/development/lib/commons-logging-1.1.1.jar
2016-10-15 17:29:47.211+0000 INFO  [o.n.k.i.DiagnosticsManager]  [classpath + loader.0] file:/Users/duckstab/git/StabbyMcDuck/crapper_keeper/db/neo4j/development/lib/jersey-core-1.19.jar
2016-10-15 17:29:47.211+0000 INFO  [o.n.k.i.DiagnosticsManager]  [classpath + loader.0] file:/Users/duckstab/git/StabbyMcDuck/crapper_keeper/db/neo4j/development/lib/jetty-http-9.2.9.v20150224.jar
2016-10-15 17:29:47.211+0000 INFO  [o.n.k.i.DiagnosticsManager]  [classpath + loader.0] file:/Users/duckstab/git/StabbyMcDuck/crapper_keeper/db/neo4j/development/lib/neo4j-command-line-3.0.6.jar
2016-10-15 17:29:47.211+0000 INFO  [o.n.k.i.DiagnosticsManager]  [loader.1] file:/Library/Java/JavaVirtualMachines/jdk1.8.0_71.jdk/Contents/Home/jre/lib/ext/sunjce_provider.jar
2016-10-15 17:29:47.211+0000 INFO  [o.n.k.i.DiagnosticsManager]  [classpath + loader.0] file:/Users/duckstab/git/StabbyMcDuck/crapper_keeper/db/neo4j/development/lib/neo4j-collections-3.0.6.jar
2016-10-15 17:29:47.211+0000 INFO  [o.n.k.i.DiagnosticsManager]  [loader.1] file:/Library/Java/JavaVirtualMachines/jdk1.8.0_71.jdk/Contents/Home/jre/lib/ext/dnsns.jar
2016-10-15 17:29:47.211+0000 INFO  [o.n.k.i.DiagnosticsManager]  [classpath + loader.0] file:/Users/duckstab/git/StabbyMcDuck/crapper_keeper/db/neo4j/development/lib/neo4j-import-tool-3.0.6.jar
2016-10-15 17:29:47.211+0000 INFO  [o.n.k.i.DiagnosticsManager]  [loader.1] file:/Library/Java/JavaVirtualMachines/jdk1.8.0_71.jdk/Contents/Home/jre/lib/ext/localedata.jar
2016-10-15 17:29:47.211+0000 INFO  [o.n.k.i.DiagnosticsManager]  [classpath + loader.0] file:/Users/duckstab/git/StabbyMcDuck/crapper_keeper/db/neo4j/development/lib/neo4j-graph-matching-3.0.6.jar
2016-10-15 17:29:47.211+0000 INFO  [o.n.k.i.DiagnosticsManager]  [classpath + loader.0] file:/Users/duckstab/git/StabbyMcDuck/crapper_keeper/db/neo4j/development/lib/jetty-webapp-9.2.9.v20150224.jar
2016-10-15 17:29:47.211+0000 INFO  [o.n.k.i.DiagnosticsManager]  [classpath + loader.0] file:/Users/duckstab/git/StabbyMcDuck/crapper_keeper/db/neo4j/development/lib/rhino-1.7R4.jar
2016-10-15 17:29:47.211+0000 INFO  [o.n.k.i.DiagnosticsManager]  [loader.1] file:/Library/Java/JavaVirtualMachines/jdk1.8.0_71.jdk/Contents/Home/jre/lib/ext/nashorn.jar
2016-10-15 17:29:47.211+0000 INFO  [o.n.k.i.DiagnosticsManager]  [classpath + loader.0] file:/Users/duckstab/git/StabbyMcDuck/crapper_keeper/db/neo4j/development/lib/commons-lang-2.6.jar
2016-10-15 17:29:47.211+0000 INFO  [o.n.k.i.DiagnosticsManager]  [loader.1] file:/Library/Java/JavaVirtualMachines/jdk1.8.0_71.jdk/Contents/Home/jre/lib/ext/cldrdata.jar
2016-10-15 17:29:47.211+0000 INFO  [o.n.k.i.DiagnosticsManager]  [classpath + loader.0] file:/Users/duckstab/git/StabbyMcDuck/crapper_keeper/db/neo4j/development/lib/jackson-core-asl-1.9.13.jar
2016-10-15 17:29:47.211+0000 INFO  [o.n.k.i.DiagnosticsManager]  [classpath + loader.0] file:/Users/duckstab/git/StabbyMcDuck/crapper_keeper/db/neo4j/development/lib/jetty-xml-9.2.9.v20150224.jar
2016-10-15 17:29:47.211+0000 INFO  [o.n.k.i.DiagnosticsManager]  [classpath + loader.0] file:/Users/duckstab/git/StabbyMcDuck/crapper_keeper/db/neo4j/development/lib/lucene-codecs-5.5.0.jar
2016-10-15 17:29:47.211+0000 INFO  [o.n.k.i.DiagnosticsManager]  [classpath + loader.0] file:/Users/duckstab/git/StabbyMcDuck/crapper_keeper/db/neo4j/development/lib/neo4j-browser-1.1.8.jar
2016-10-15 17:29:47.212+0000 INFO  [o.n.k.i.DiagnosticsManager]  [classpath + loader.0] file:/Users/duckstab/git/StabbyMcDuck/crapper_keeper/db/neo4j/development/lib/neo4j-io-3.0.6.jar
2016-10-15 17:29:47.212+0000 INFO  [o.n.k.i.DiagnosticsManager]  [classpath + loader.0] file:/Users/duckstab/git/StabbyMcDuck/crapper_keeper/db/neo4j/development/lib/neo4j-cypher-compiler-2.3-2.3.7.jar
2016-10-15 17:29:47.212+0000 INFO  [o.n.k.i.DiagnosticsManager]  [classpath + loader.0] file:/Users/duckstab/git/StabbyMcDuck/crapper_keeper/db/neo4j/development/lib/jersey-multipart-1.19.jar
2016-10-15 17:29:47.212+0000 INFO  [o.n.k.i.DiagnosticsManager]  [bootstrap] /Library/Java/JavaVirtualMachines/jdk1.8.0_71.jdk/Contents/Home/jre/lib/jce.jar
2016-10-15 17:29:47.212+0000 INFO  [o.n.k.i.DiagnosticsManager]  [classpath + loader.0] file:/Users/duckstab/git/StabbyMcDuck/crapper_keeper/db/neo4j/development/plugins/
2016-10-15 17:29:47.212+0000 INFO  [o.n.k.i.DiagnosticsManager]  [bootstrap] /Library/Java/JavaVirtualMachines/jdk1.8.0_71.jdk/Contents/Home/jre/classes
2016-10-15 17:29:47.212+0000 INFO  [o.n.k.i.DiagnosticsManager]  [classpath + loader.0] file:/Users/duckstab/git/StabbyMcDuck/crapper_keeper/db/neo4j/development/lib/neo4j-unsafe-3.0.6.jar
2016-10-15 17:29:47.212+0000 INFO  [o.n.k.i.DiagnosticsManager] Library path:
2016-10-15 17:29:47.212+0000 INFO  [o.n.k.i.DiagnosticsManager] /Users/duckstab/Library/Java/Extensions
2016-10-15 17:29:47.212+0000 INFO  [o.n.k.i.DiagnosticsManager] /Library/Java/Extensions
2016-10-15 17:29:47.212+0000 INFO  [o.n.k.i.DiagnosticsManager] /Network/Library/Java/Extensions
2016-10-15 17:29:47.212+0000 INFO  [o.n.k.i.DiagnosticsManager] /System/Library/Java/Extensions
2016-10-15 17:29:47.212+0000 INFO  [o.n.k.i.DiagnosticsManager] /usr/lib/java
2016-10-15 17:29:47.212+0000 INFO  [o.n.k.i.DiagnosticsManager] /Users/duckstab/git/StabbyMcDuck/crapper_keeper
2016-10-15 17:29:47.212+0000 INFO  [o.n.k.i.DiagnosticsManager] System.properties:
2016-10-15 17:29:47.213+0000 INFO  [o.n.k.i.DiagnosticsManager] sun.boot.library.path = /Library/Java/JavaVirtualMachines/jdk1.8.0_71.jdk/Contents/Home/jre/lib
2016-10-15 17:29:47.213+0000 INFO  [o.n.k.i.DiagnosticsManager] gopherProxySet = false
2016-10-15 17:29:47.213+0000 INFO  [o.n.k.i.DiagnosticsManager] path.separator = :
2016-10-15 17:29:47.213+0000 INFO  [o.n.k.i.DiagnosticsManager] file.encoding.pkg = sun.io
2016-10-15 17:29:47.213+0000 INFO  [o.n.k.i.DiagnosticsManager] user.country = US
2016-10-15 17:29:47.213+0000 INFO  [o.n.k.i.DiagnosticsManager] sun.java.launcher = SUN_STANDARD
2016-10-15 17:29:47.213+0000 INFO  [o.n.k.i.DiagnosticsManager] sun.os.patch.level = unknown
2016-10-15 17:29:47.213+0000 INFO  [o.n.k.i.DiagnosticsManager] user.dir = /Users/duckstab/git/StabbyMcDuck/crapper_keeper
2016-10-15 17:29:47.213+0000 INFO  [o.n.k.i.DiagnosticsManager] sun.jnu.encoding = UTF-8
2016-10-15 17:29:47.213+0000 INFO  [o.n.k.i.DiagnosticsManager] unsupported.dbms.udc.source = tarball
2016-10-15 17:29:47.213+0000 INFO  [o.n.k.i.DiagnosticsManager] sun.management.compiler = HotSpot 64-Bit Tiered Compilers
2016-10-15 17:29:47.213+0000 INFO  [o.n.k.i.DiagnosticsManager] http.nonProxyHosts = local|*.local|169.254/16|*.169.254/16
2016-10-15 17:29:47.213+0000 INFO  [o.n.k.i.DiagnosticsManager] user.home = /Users/duckstab
2016-10-15 17:29:47.213+0000 INFO  [o.n.k.i.DiagnosticsManager] user.timezone = America/Chicago
2016-10-15 17:29:47.213+0000 INFO  [o.n.k.i.DiagnosticsManager] file.encoding = UTF-8
2016-10-15 17:29:47.213+0000 INFO  [o.n.k.i.DiagnosticsManager] user.name = duckstab
2016-10-15 17:29:47.213+0000 INFO  [o.n.k.i.DiagnosticsManager] sun.java.command = org.neo4j.server.CommunityEntryPoint --home-dir=/Users/duckstab/git/StabbyMcDuck/crapper_keeper/db/neo4j/development --config-dir=/Users/duckstab/git/StabbyMcDuck/crapper_keeper/db/neo4j/development/conf
2016-10-15 17:29:47.213+0000 INFO  [o.n.k.i.DiagnosticsManager] sun.arch.data.model = 64
2016-10-15 17:29:47.213+0000 INFO  [o.n.k.i.DiagnosticsManager] user.language = en
2016-10-15 17:29:47.213+0000 INFO  [o.n.k.i.DiagnosticsManager] awt.toolkit = sun.lwawt.macosx.LWCToolkit
2016-10-15 17:29:47.213+0000 INFO  [o.n.k.i.DiagnosticsManager] jdk.tls.ephemeralDHKeySize = 2048
2016-10-15 17:29:47.213+0000 INFO  [o.n.k.i.DiagnosticsManager] file.separator = /
2016-10-15 17:29:47.213+0000 INFO  [o.n.k.i.DiagnosticsManager] sun.io.unicode.encoding = UnicodeBig
2016-10-15 17:29:47.213+0000 INFO  [o.n.k.i.DiagnosticsManager] sun.cpu.endian = little
2016-10-15 17:29:47.214+0000 INFO  [o.n.k.i.DiagnosticsManager] socksNonProxyHosts = local|*.local|169.254/16|*.169.254/16
2016-10-15 17:29:47.214+0000 INFO  [o.n.k.i.DiagnosticsManager] ftp.nonProxyHosts = local|*.local|169.254/16|*.169.254/16
2016-10-15 17:29:47.214+0000 INFO  [o.n.k.i.DiagnosticsManager] sun.cpu.isalist = 
2016-10-15 17:29:47.214+0000 INFO  [o.n.k.i.DiagnosticsManager] Network information:
2016-10-15 17:29:47.218+0000 INFO  [o.n.k.i.DiagnosticsManager] Interface utun2:
2016-10-15 17:29:47.218+0000 INFO  [o.n.k.i.DiagnosticsManager]     address: fe80:0:0:0:e8e7:7176:108f:d113%utun2
2016-10-15 17:29:47.218+0000 INFO  [o.n.k.i.DiagnosticsManager] Interface utun0:
2016-10-15 17:29:47.218+0000 INFO  [o.n.k.i.DiagnosticsManager]     address: fe80:0:0:0:8f2f:2085:c7de:fac5%utun0
2016-10-15 17:29:47.218+0000 INFO  [o.n.k.i.DiagnosticsManager] Interface awdl0:
2016-10-15 17:29:47.218+0000 INFO  [o.n.k.i.DiagnosticsManager]     address: fe80:0:0:0:ecb4:9eff:fedf:4460%awdl0
2016-10-15 17:29:47.218+0000 INFO  [o.n.k.i.DiagnosticsManager] Interface en0:
2016-10-15 17:29:47.218+0000 INFO  [o.n.k.i.DiagnosticsManager]     address: 2605:6000:f2c2:a600:a876:59e8:e609:bf47
2016-10-15 17:29:47.218+0000 INFO  [o.n.k.i.DiagnosticsManager]     address: 2605:6000:f2c2:a600:10c9:e502:1be:e7aa
2016-10-15 17:29:47.219+0000 INFO  [o.n.k.i.DiagnosticsManager]     address: fe80:0:0:0:c07:4719:59b4:eb0b%en0
2016-10-15 17:29:47.219+0000 INFO  [o.n.k.i.DiagnosticsManager]     address: 192.168.0.16
2016-10-15 17:29:47.219+0000 INFO  [o.n.k.i.DiagnosticsManager] Interface lo0:
2016-10-15 17:29:47.219+0000 INFO  [o.n.k.i.DiagnosticsManager]     address: fe80:0:0:0:0:0:0:1%lo0
2016-10-15 17:29:47.219+0000 INFO  [o.n.k.i.DiagnosticsManager]     address: 0:0:0:0:0:0:0:1
2016-10-15 17:29:47.219+0000 INFO  [o.n.k.i.DiagnosticsManager]     address: 127.0.0.1
2016-10-15 17:29:47.219+0000 INFO  [o.n.k.i.DiagnosticsManager] --- INITIALIZED diagnostics END ---
2016-10-15 17:29:47.257+0000 INFO  [o.n.b.v.r.Sessions] No SSL certificate found, generating a self-signed certificate..
2016-10-15 17:29:53.288+0000 INFO  [o.n.b.v.r.Sessions] Bolt Server extension loaded.
2016-10-15 17:29:53.289+0000 INFO  [o.n.b.v.r.Sessions] Bolt enabled on localhost:7472.
2016-10-15 17:29:53.394+0000 INFO  [o.n.k.i.s.f.RecordFormatSelector] Selected format 'RecordFormat:StandardV3_0[v0.A.7]' for the new store
2016-10-15 17:29:53.596+0000 INFO  [o.n.k.a.i.l.LuceneLabelScanStore] No lucene scan store index found, this might just be first use. Preparing to rebuild.
2016-10-15 17:29:53.719+0000 INFO  [o.n.k.NeoStoreDataSource] Opened logical log [/Users/duckstab/git/StabbyMcDuck/crapper_keeper/db/neo4j/development/data/databases/graph.db/neostore.transaction.db.0] version=0, lastTxId=1 (clean)
2016-10-15 17:29:53.725+0000 WARN  [o.n.k.i.s.MetaDataStore] Missing counts store, rebuilding it.
2016-10-15 17:29:53.828+0000 INFO  [o.n.k.a.i.l.LuceneLabelScanStore] Rebuilding lucene scan store, this may take a while
2016-10-15 17:29:53.836+0000 INFO  [o.n.k.a.i.l.LuceneLabelScanStore] Lucene scan store rebuilt (roughly 0 nodes)
2016-10-15 17:29:53.838+0000 INFO  [o.n.k.i.DatabaseHealth] Database health set to OK
2016-10-15 17:29:59.216+0000 INFO  [o.n.k.AvailabilityGuard] Fulfilling of requirement makes database available: Database available
2016-10-15 17:29:59.216+0000 INFO  [o.n.k.i.f.CommunityFacadeFactory] Database is now ready
2016-10-15 17:29:59.217+0000 INFO  [o.n.k.i.DiagnosticsManager] --- STARTED diagnostics for KernelDiagnostics:Versions START ---
2016-10-15 17:29:59.217+0000 INFO  [o.n.k.i.DiagnosticsManager] Graph Database: community single StoreId{creationTime=1476552593501, randomId=-6436440399684112132, storeVersion=15531981201765894, upgradeTime=1476552593501, upgradeId=1}
2016-10-15 17:29:59.217+0000 INFO  [o.n.k.i.DiagnosticsManager] Kernel version: 3.0.6,66df41d1018f54ccd67d7d384e87abae0468bcdb
2016-10-15 17:29:59.217+0000 INFO  [o.n.k.i.DiagnosticsManager] --- STARTED diagnostics for KernelDiagnostics:Versions END ---
2016-10-15 17:29:59.218+0000 INFO  [o.n.k.i.DiagnosticsManager] --- STARTED diagnostics for NEO_STORE_VERSIONS START ---
2016-10-15 17:29:59.218+0000 INFO  [o.n.k.i.DiagnosticsManager] Store versions:
2016-10-15 17:29:59.218+0000 INFO  [o.n.k.i.DiagnosticsManager] Store versions:
2016-10-15 17:29:59.218+0000 INFO  [o.n.k.i.DiagnosticsManager]   ArrayPropertyStore v0.A.7
2016-10-15 17:29:59.218+0000 INFO  [o.n.k.i.DiagnosticsManager]   NodeStore v0.A.7
2016-10-15 17:29:59.218+0000 INFO  [o.n.k.i.DiagnosticsManager]   StringPropertyStore v0.A.7
2016-10-15 17:29:59.218+0000 INFO  [o.n.k.i.DiagnosticsManager]   PropertyIndexStore v0.A.7
2016-10-15 17:29:59.218+0000 INFO  [o.n.k.i.DiagnosticsManager]   StringPropertyStore v0.A.7
2016-10-15 17:29:59.218+0000 INFO  [o.n.k.i.DiagnosticsManager]   ArrayPropertyStore v0.A.7
2016-10-15 17:29:59.219+0000 INFO  [o.n.k.i.DiagnosticsManager]   PropertyStore v0.A.7
2016-10-15 17:29:59.219+0000 INFO  [o.n.k.i.DiagnosticsManager]   RelationshipStore v0.A.7
2016-10-15 17:29:59.219+0000 INFO  [o.n.k.i.DiagnosticsManager]   StringPropertyStore v0.A.7
2016-10-15 17:29:59.219+0000 INFO  [o.n.k.i.DiagnosticsManager]   RelationshipTypeStore v0.A.7
2016-10-15 17:29:59.219+0000 INFO  [o.n.k.i.DiagnosticsManager]   StringPropertyStore v0.A.7
2016-10-15 17:29:59.219+0000 INFO  [o.n.k.i.DiagnosticsManager]   LabelTokenStore v0.A.7
2016-10-15 17:29:59.219+0000 INFO  [o.n.k.i.DiagnosticsManager]   SchemaStore v0.A.7
2016-10-15 17:29:59.219+0000 INFO  [o.n.k.i.DiagnosticsManager]   RelationshipGroupStore v0.A.7
2016-10-15 17:29:59.219+0000 INFO  [o.n.k.i.DiagnosticsManager]   NeoStore v0.A.7
2016-10-15 17:29:59.219+0000 INFO  [o.n.k.i.DiagnosticsManager] --- STARTED diagnostics for NEO_STORE_VERSIONS END ---
2016-10-15 17:29:59.219+0000 INFO  [o.n.k.i.DiagnosticsManager] --- STARTED diagnostics for NEO_STORE_ID_USAGE START ---
2016-10-15 17:29:59.219+0000 INFO  [o.n.k.i.DiagnosticsManager] Id usage:
2016-10-15 17:29:59.219+0000 INFO  [o.n.k.i.DiagnosticsManager] Id usage:
2016-10-15 17:29:59.219+0000 INFO  [o.n.k.i.DiagnosticsManager]   ArrayPropertyStore: used=1 high=0
2016-10-15 17:29:59.219+0000 INFO  [o.n.k.i.DiagnosticsManager]   NodeStore: used=0 high=-1
2016-10-15 17:29:59.219+0000 INFO  [o.n.k.i.DiagnosticsManager]   StringPropertyStore: used=1 high=0
2016-10-15 17:29:59.219+0000 INFO  [o.n.k.i.DiagnosticsManager]   PropertyIndexStore: used=0 high=-1
2016-10-15 17:29:59.219+0000 INFO  [o.n.k.i.DiagnosticsManager]   StringPropertyStore: used=1 high=0
2016-10-15 17:29:59.219+0000 INFO  [o.n.k.i.DiagnosticsManager]   ArrayPropertyStore: used=1 high=0
2016-10-15 17:29:59.219+0000 INFO  [o.n.k.i.DiagnosticsManager]   PropertyStore: used=0 high=-1
2016-10-15 17:29:59.220+0000 INFO  [o.n.k.i.DiagnosticsManager]   RelationshipStore: used=0 high=-1
2016-10-15 17:29:59.220+0000 INFO  [o.n.k.i.DiagnosticsManager]   StringPropertyStore: used=1 high=0
2016-10-15 17:29:59.220+0000 INFO  [o.n.k.i.DiagnosticsManager]   RelationshipTypeStore: used=0 high=-1
2016-10-15 17:29:59.220+0000 INFO  [o.n.k.i.DiagnosticsManager]   StringPropertyStore: used=1 high=0
2016-10-15 17:29:59.220+0000 INFO  [o.n.k.i.DiagnosticsManager]   LabelTokenStore: used=0 high=-1
2016-10-15 17:29:59.220+0000 INFO  [o.n.k.i.DiagnosticsManager]   SchemaStore: used=1 high=0
2016-10-15 17:29:59.220+0000 INFO  [o.n.k.i.DiagnosticsManager]   RelationshipGroupStore: used=1 high=0
2016-10-15 17:29:59.220+0000 INFO  [o.n.k.i.DiagnosticsManager]   NeoStore: used=15 high=14
2016-10-15 17:29:59.220+0000 INFO  [o.n.k.i.DiagnosticsManager] --- STARTED diagnostics for NEO_STORE_ID_USAGE END ---
2016-10-15 17:29:59.220+0000 INFO  [o.n.k.i.DiagnosticsManager] --- STARTED diagnostics for NEO_STORE_RECORDS START ---
2016-10-15 17:29:59.220+0000 INFO  [o.n.k.i.DiagnosticsManager] Neostore records:
2016-10-15 17:29:59.221+0000 INFO  [o.n.k.i.DiagnosticsManager] TIME (Creation time): 1476552593501
2016-10-15 17:29:59.221+0000 INFO  [o.n.k.i.DiagnosticsManager] RANDOM_NUMBER (Random number for store id): -6436440399684112132
2016-10-15 17:29:59.221+0000 INFO  [o.n.k.i.DiagnosticsManager] LOG_VERSION (Current log version): 0
2016-10-15 17:29:59.221+0000 INFO  [o.n.k.i.DiagnosticsManager] LAST_TRANSACTION_ID (Last committed transaction): 1
2016-10-15 17:29:59.221+0000 INFO  [o.n.k.i.DiagnosticsManager] STORE_VERSION (Store format version): 15531981201765894
2016-10-15 17:29:59.221+0000 INFO  [o.n.k.i.DiagnosticsManager] FIRST_GRAPH_PROPERTY (First property record containing graph properties): -1
2016-10-15 17:29:59.221+0000 INFO  [o.n.k.i.DiagnosticsManager] LAST_CONSTRAINT_TRANSACTION (Last committed transaction containing constraint changes): 0
2016-10-15 17:29:59.221+0000 INFO  [o.n.k.i.DiagnosticsManager] UPGRADE_TRANSACTION_ID (Transaction id most recent upgrade was performed at): 1
2016-10-15 17:29:59.221+0000 INFO  [o.n.k.i.DiagnosticsManager] UPGRADE_TIME (Time of last upgrade): 1476552593501
2016-10-15 17:29:59.221+0000 INFO  [o.n.k.i.DiagnosticsManager] LAST_TRANSACTION_CHECKSUM (Checksum of last committed transaction): 0
2016-10-15 17:29:59.221+0000 INFO  [o.n.k.i.DiagnosticsManager] UPGRADE_TRANSACTION_CHECKSUM (Checksum of transaction id the most recent upgrade was performed at): 0
2016-10-15 17:29:59.221+0000 INFO  [o.n.k.i.DiagnosticsManager] LAST_CLOSED_TRANSACTION_LOG_VERSION (Log version where the last transaction commit entry has been written into): 0
2016-10-15 17:29:59.221+0000 INFO  [o.n.k.i.DiagnosticsManager] LAST_CLOSED_TRANSACTION_LOG_BYTE_OFFSET (Byte offset in the log file where the last transaction commit entry has been written into): 16
2016-10-15 17:29:59.221+0000 INFO  [o.n.k.i.DiagnosticsManager] LAST_TRANSACTION_COMMIT_TIMESTAMP (Commit time timestamp for last committed transaction): 0
2016-10-15 17:29:59.221+0000 INFO  [o.n.k.i.DiagnosticsManager] UPGRADE_TRANSACTION_COMMIT_TIMESTAMP (Commit timestamp of transaction the most recent upgrade was performed at): 0
2016-10-15 17:29:59.221+0000 INFO  [o.n.k.i.DiagnosticsManager] --- STARTED diagnostics for NEO_STORE_RECORDS END ---
2016-10-15 17:29:59.222+0000 INFO  [o.n.k.i.DiagnosticsManager] --- STARTED diagnostics for TRANSACTION_RANGE START ---
2016-10-15 17:29:59.222+0000 INFO  [o.n.k.i.DiagnosticsManager] Transaction log:
2016-10-15 17:29:59.222+0000 INFO  [o.n.k.i.DiagnosticsManager] No transactions found in any log
2016-10-15 17:29:59.222+0000 INFO  [o.n.k.i.DiagnosticsManager] --- STARTED diagnostics for TRANSACTION_RANGE END ---
2016-10-15 17:29:59.223+0000 INFO  [o.n.k.i.DiagnosticsManager] --- STARTED diagnostics for KernelDiagnostics:StoreFiles START ---
2016-10-15 17:29:59.223+0000 INFO  [o.n.k.i.DiagnosticsManager] Disk space on partition (Total / Free / Free %): 499055067136 / 387502903296 / 77
Storage files: (filename : modification date - size)
2016-10-15 17:29:59.224+0000 INFO  [o.n.k.i.DiagnosticsManager]   index:
2016-10-15 17:29:59.224+0000 INFO  [o.n.k.i.DiagnosticsManager]   - Total: 2016-10-15T12:29:53-0500 - 0.00 B
2016-10-15 17:29:59.224+0000 INFO  [o.n.k.i.DiagnosticsManager]   neostore: 2016-10-15T12:29:53-0500 - 8.00 kB
2016-10-15 17:29:59.224+0000 INFO  [o.n.k.i.DiagnosticsManager]   neostore.counts.db.a: 2016-10-15T12:29:53-0500 - 96.00 B
2016-10-15 17:29:59.224+0000 INFO  [o.n.k.i.DiagnosticsManager]   neostore.id: 2016-10-15T12:29:53-0500 - 9.00 B
2016-10-15 17:29:59.225+0000 INFO  [o.n.k.i.DiagnosticsManager]   neostore.labeltokenstore.db: 2016-10-15T12:29:53-0500 - 0.00 B
2016-10-15 17:29:59.225+0000 INFO  [o.n.k.i.DiagnosticsManager]   neostore.labeltokenstore.db.id: 2016-10-15T12:29:53-0500 - 9.00 B
2016-10-15 17:29:59.225+0000 INFO  [o.n.k.i.DiagnosticsManager]   neostore.labeltokenstore.db.names: 2016-10-15T12:29:53-0500 - 8.00 kB
2016-10-15 17:29:59.225+0000 INFO  [o.n.k.i.DiagnosticsManager]   neostore.labeltokenstore.db.names.id: 2016-10-15T12:29:53-0500 - 9.00 B
2016-10-15 17:29:59.225+0000 INFO  [o.n.k.i.DiagnosticsManager]   neostore.nodestore.db: 2016-10-15T12:29:53-0500 - 0.00 B
2016-10-15 17:29:59.225+0000 INFO  [o.n.k.i.DiagnosticsManager]   neostore.nodestore.db.id: 2016-10-15T12:29:53-0500 - 9.00 B
2016-10-15 17:29:59.225+0000 INFO  [o.n.k.i.DiagnosticsManager]   neostore.nodestore.db.labels: 2016-10-15T12:29:53-0500 - 8.00 kB
2016-10-15 17:29:59.225+0000 INFO  [o.n.k.i.DiagnosticsManager]   neostore.nodestore.db.labels.id: 2016-10-15T12:29:53-0500 - 9.00 B
2016-10-15 17:29:59.225+0000 INFO  [o.n.k.i.DiagnosticsManager]   neostore.propertystore.db: 2016-10-15T12:29:53-0500 - 0.00 B
2016-10-15 17:29:59.225+0000 INFO  [o.n.k.i.DiagnosticsManager]   neostore.propertystore.db.arrays: 2016-10-15T12:29:53-0500 - 8.00 kB
2016-10-15 17:29:59.226+0000 INFO  [o.n.k.i.DiagnosticsManager]   neostore.propertystore.db.arrays.id: 2016-10-15T12:29:53-0500 - 9.00 B
2016-10-15 17:29:59.226+0000 INFO  [o.n.k.i.DiagnosticsManager]   neostore.propertystore.db.id: 2016-10-15T12:29:53-0500 - 9.00 B
2016-10-15 17:29:59.226+0000 INFO  [o.n.k.i.DiagnosticsManager]   neostore.propertystore.db.index: 2016-10-15T12:29:53-0500 - 0.00 B
2016-10-15 17:29:59.226+0000 INFO  [o.n.k.i.DiagnosticsManager]   neostore.propertystore.db.index.id: 2016-10-15T12:29:53-0500 - 9.00 B
2016-10-15 17:29:59.226+0000 INFO  [o.n.k.i.DiagnosticsManager]   neostore.propertystore.db.index.keys: 2016-10-15T12:29:53-0500 - 8.00 kB
2016-10-15 17:29:59.226+0000 INFO  [o.n.k.i.DiagnosticsManager]   neostore.propertystore.db.index.keys.id: 2016-10-15T12:29:53-0500 - 9.00 B
2016-10-15 17:29:59.226+0000 INFO  [o.n.k.i.DiagnosticsManager]   neostore.propertystore.db.strings: 2016-10-15T12:29:53-0500 - 8.00 kB
2016-10-15 17:29:59.226+0000 INFO  [o.n.k.i.DiagnosticsManager]   neostore.propertystore.db.strings.id: 2016-10-15T12:29:53-0500 - 9.00 B
2016-10-15 17:29:59.226+0000 INFO  [o.n.k.i.DiagnosticsManager]   neostore.relationshipgroupstore.db: 2016-10-15T12:29:53-0500 - 8.00 kB
2016-10-15 17:29:59.226+0000 INFO  [o.n.k.i.DiagnosticsManager]   neostore.relationshipgroupstore.db.id: 2016-10-15T12:29:53-0500 - 9.00 B
2016-10-15 17:29:59.227+0000 INFO  [o.n.k.i.DiagnosticsManager]   neostore.relationshipstore.db: 2016-10-15T12:29:53-0500 - 0.00 B
2016-10-15 17:29:59.227+0000 INFO  [o.n.k.i.DiagnosticsManager]   neostore.relationshipstore.db.id: 2016-10-15T12:29:53-0500 - 9.00 B
2016-10-15 17:29:59.227+0000 INFO  [o.n.k.i.DiagnosticsManager]   neostore.relationshiptypestore.db: 2016-10-15T12:29:53-0500 - 0.00 B
2016-10-15 17:29:59.227+0000 INFO  [o.n.k.i.DiagnosticsManager]   neostore.relationshiptypestore.db.id: 2016-10-15T12:29:53-0500 - 9.00 B
2016-10-15 17:29:59.227+0000 INFO  [o.n.k.i.DiagnosticsManager]   neostore.relationshiptypestore.db.names: 2016-10-15T12:29:53-0500 - 8.00 kB
2016-10-15 17:29:59.227+0000 INFO  [o.n.k.i.DiagnosticsManager]   neostore.relationshiptypestore.db.names.id: 2016-10-15T12:29:53-0500 - 9.00 B
2016-10-15 17:29:59.227+0000 INFO  [o.n.k.i.DiagnosticsManager]   neostore.schemastore.db: 2016-10-15T12:29:53-0500 - 8.00 kB
2016-10-15 17:29:59.227+0000 INFO  [o.n.k.i.DiagnosticsManager]   neostore.schemastore.db.id: 2016-10-15T12:29:53-0500 - 9.00 B
2016-10-15 17:29:59.227+0000 INFO  [o.n.k.i.DiagnosticsManager]   neostore.transaction.db.0: 2016-10-15T12:29:53-0500 - 16.00 B
2016-10-15 17:29:59.227+0000 INFO  [o.n.k.i.DiagnosticsManager]   schema:
2016-10-15 17:29:59.227+0000 INFO  [o.n.k.i.DiagnosticsManager]     label:
2016-10-15 17:29:59.227+0000 INFO  [o.n.k.i.DiagnosticsManager]       lucene:
2016-10-15 17:29:59.228+0000 INFO  [o.n.k.i.DiagnosticsManager]         labelStore:
2016-10-15 17:29:59.228+0000 INFO  [o.n.k.i.DiagnosticsManager]           1:
2016-10-15 17:29:59.228+0000 INFO  [o.n.k.i.DiagnosticsManager]             write.lock: 2016-10-15T12:29:53-0500 - 0.00 B
2016-10-15 17:29:59.228+0000 INFO  [o.n.k.i.DiagnosticsManager]           - Total: 2016-10-15T12:29:53-0500 - 0.00 B
2016-10-15 17:29:59.228+0000 INFO  [o.n.k.i.DiagnosticsManager]           failure-message: 2016-10-15T12:29:53-0500 - 16.00 kB
2016-10-15 17:29:59.228+0000 INFO  [o.n.k.i.DiagnosticsManager]         - Total: 2016-10-15T12:29:53-0500 - 16.00 kB
2016-10-15 17:29:59.228+0000 INFO  [o.n.k.i.DiagnosticsManager]       - Total: 2016-10-15T12:29:53-0500 - 16.00 kB
2016-10-15 17:29:59.228+0000 INFO  [o.n.k.i.DiagnosticsManager]     - Total: 2016-10-15T12:29:53-0500 - 16.00 kB
2016-10-15 17:29:59.228+0000 INFO  [o.n.k.i.DiagnosticsManager]   - Total: 2016-10-15T12:29:53-0500 - 16.00 kB
2016-10-15 17:29:59.228+0000 INFO  [o.n.k.i.DiagnosticsManager]   store_lock: 2016-10-15T12:29:53-0500 - 0.00 B
2016-10-15 17:29:59.228+0000 INFO  [o.n.k.i.DiagnosticsManager] --- STARTED diagnostics for KernelDiagnostics:StoreFiles END ---
2016-10-15 17:30:00.175+0000 INFO  [o.n.k.i.DiagnosticsManager] --- SERVER STARTED START ---
2016-10-15 17:30:00.883+0000 INFO  [o.n.k.i.DiagnosticsManager] --- SERVER STARTED END ---
2016-10-15 20:00:20.008+0000 WARN  [o.n.k.i.c.MonitorGc] GC Monitor: Application threads blocked for 1450ms.
2016-10-15 20:54:29.005+0000 WARN  [o.n.k.i.c.MonitorGc] GC Monitor: Application threads blocked for 1479ms.
2016-10-15 21:01:20.006+0000 WARN  [o.n.k.i.c.MonitorGc] GC Monitor: Application threads blocked for 1389ms.
2016-10-15 22:19:26.007+0000 WARN  [o.n.k.i.c.MonitorGc] GC Monitor: Application threads blocked for 1466ms.
2016-10-15 23:13:29.005+0000 WARN  [o.n.k.i.c.MonitorGc] GC Monitor: Application threads blocked for 1389ms.
2016-10-15 23:24:13.008+0000 WARN  [o.n.k.i.c.MonitorGc] GC Monitor: Application threads blocked for 1364ms.
2016-10-16 00:39:29.007+0000 WARN  [o.n.k.i.c.MonitorGc] GC Monitor: Application threads blocked for 1422ms.
2016-10-16 00:58:34.011+0000 WARN  [o.n.k.i.c.MonitorGc] GC Monitor: Application threads blocked for 1444ms.
2016-10-16 05:33:45.159+0000 WARN  [o.n.k.i.c.MonitorGc] GC Monitor: Application threads blocked for 1522ms.
2016-10-16 06:27:47.012+0000 WARN  [o.n.k.i.c.MonitorGc] GC Monitor: Application threads blocked for 1710ms.
2016-10-16 07:21:50.009+0000 WARN  [o.n.k.i.c.MonitorGc] GC Monitor: Application threads blocked for 1452ms.
2016-10-16 07:41:37.013+0000 WARN  [o.n.k.i.c.MonitorGc] GC Monitor: Application threads blocked for 1493ms.
2016-10-16 08:17:53.821+0000 WARN  [o.n.k.i.c.MonitorGc] GC Monitor: Application threads blocked for 69363ms.
2016-10-16 09:12:22.301+0000 WARN  [o.n.k.i.c.MonitorGc] GC Monitor: Application threads blocked for 43445ms.
2016-10-16 10:06:51.187+0000 WARN  [o.n.k.i.c.MonitorGc] GC Monitor: Application threads blocked for 33567ms.
2016-10-16 11:01:20.216+0000 WARN  [o.n.k.i.c.MonitorGc] GC Monitor: Application threads blocked for 33501ms.
2016-10-16 11:55:49.205+0000 WARN  [o.n.k.i.c.MonitorGc] GC Monitor: Application threads blocked for 33415ms.
2016-10-16 12:01:15.151+0000 WARN  [o.n.k.i.c.MonitorGc] GC Monitor: Application threads blocked for 30703ms.
2016-10-16 12:50:50.201+0000 WARN  [o.n.k.i.c.MonitorGc] GC Monitor: Application threads blocked for 32731ms.
2016-10-16 13:45:19.150+0000 WARN  [o.n.k.i.c.MonitorGc] GC Monitor: Application threads blocked for 34353ms.
2016-10-16 14:39:48.177+0000 WARN  [o.n.k.i.c.MonitorGc] GC Monitor: Application threads blocked for 35355ms.
2016-10-16 15:34:17.164+0000 WARN  [o.n.k.i.c.MonitorGc] GC Monitor: Application threads blocked for 33762ms.
2016-10-16 16:28:46.186+0000 WARN  [o.n.k.i.c.MonitorGc] GC Monitor: Application threads blocked for 33453ms.
2016-10-16 16:42:18.128+0000 WARN  [o.n.k.i.c.MonitorGc] GC Monitor: Application threads blocked for 30999ms.
2016-10-16 16:43:43.223+0000 WARN  [o.n.k.i.c.MonitorGc] GC Monitor: Application threads blocked for 31518ms.
2016-10-16 16:59:39.012+0000 WARN  [o.n.k.i.c.MonitorGc] GC Monitor: Application threads blocked for 1459ms.
2016-10-16 18:07:53.012+0000 WARN  [o.n.k.i.c.MonitorGc] GC Monitor: Application threads blocked for 1521ms.
2016-10-16 19:01:56.007+0000 WARN  [o.n.k.i.c.MonitorGc] GC Monitor: Application threads blocked for 1411ms.
2016-10-16 19:55:59.009+0000 WARN  [o.n.k.i.c.MonitorGc] GC Monitor: Application threads blocked for 1391ms.
2016-10-16 20:14:50.009+0000 WARN  [o.n.k.i.c.MonitorGc] GC Monitor: Application threads blocked for 1412ms.
2016-10-16 20:51:57.160+0000 WARN  [o.n.k.i.c.MonitorGc] GC Monitor: Application threads blocked for 38592ms.
2016-10-16 20:55:42.133+0000 WARN  [o.n.k.i.c.MonitorGc] GC Monitor: Application threads blocked for 23193ms.
2016-10-16 21:46:48.140+0000 WARN  [o.n.k.i.c.MonitorGc] GC Monitor: Application threads blocked for 20328ms.
2016-10-16 21:51:55.179+0000 WARN  [o.n.k.i.c.MonitorGc] GC Monitor: Application threads blocked for 12537ms.
2016-10-16 22:41:47.126+0000 WARN  [o.n.k.i.c.MonitorGc] GC Monitor: Application threads blocked for 8915ms.
2016-10-16 22:46:46.194+0000 WARN  [o.n.k.i.c.MonitorGc] GC Monitor: Application threads blocked for 12755ms.
2016-10-16 23:36:45.148+0000 WARN  [o.n.k.i.c.MonitorGc] GC Monitor: Application threads blocked for 14038ms.
2016-10-17 00:31:13.138+0000 WARN  [o.n.k.i.c.MonitorGc] GC Monitor: Application threads blocked for 14095ms.
2016-10-17 00:36:40.211+0000 WARN  [o.n.k.i.c.MonitorGc] GC Monitor: Application threads blocked for 16372ms.
2016-10-17 01:26:14.234+0000 WARN  [o.n.k.i.c.MonitorGc] GC Monitor: Application threads blocked for 12737ms.
2016-10-17 01:31:12.345+0000 WARN  [o.n.k.i.c.MonitorGc] GC Monitor: Application threads blocked for 12640ms.
2016-10-17 02:21:12.273+0000 WARN  [o.n.k.i.c.MonitorGc] GC Monitor: Application threads blocked for 13427ms.
2016-10-17 02:26:12.185+0000 WARN  [o.n.k.i.c.MonitorGc] GC Monitor: Application threads blocked for 12699ms.
2016-10-17 03:16:10.158+0000 WARN  [o.n.k.i.c.MonitorGc] GC Monitor: Application threads blocked for 12375ms.
2016-10-17 03:21:10.142+0000 WARN  [o.n.k.i.c.MonitorGc] GC Monitor: Application threads blocked for 13320ms.
2016-10-17 04:11:08.187+0000 WARN  [o.n.k.i.c.MonitorGc] GC Monitor: Application threads blocked for 13857ms.
2016-10-17 04:16:08.168+0000 WARN  [o.n.k.i.c.MonitorGc] GC Monitor: Application threads blocked for 12211ms.
2016-10-17 05:06:06.232+0000 WARN  [o.n.k.i.c.MonitorGc] GC Monitor: Application threads blocked for 12861ms.
2016-10-17 05:11:06.129+0000 WARN  [o.n.k.i.c.MonitorGc] GC Monitor: Application threads blocked for 13207ms.
2016-10-17 05:15:33.295+0000 WARN  [o.n.k.i.c.MonitorGc] GC Monitor: Application threads blocked for 14014ms.
2016-10-17 14:01:38.172+0000 WARN  [o.n.k.i.c.MonitorGc] GC Monitor: Application threads blocked for 12950ms.
2016-10-17 14:33:29.009+0000 WARN  [o.n.k.i.c.MonitorGc] GC Monitor: Application threads blocked for 1410ms.
2016-10-17 16:35:48.009+0000 WARN  [o.n.k.i.c.MonitorGc] GC Monitor: Application threads blocked for 1416ms.
2016-10-17 20:01:48.010+0000 WARN  [o.n.k.i.c.MonitorGc] GC Monitor: Application threads blocked for 1442ms.
2016-10-17 21:28:54.029+0000 WARN  [o.n.k.i.c.MonitorGc] GC Monitor: Application threads blocked for 1392ms.
2016-10-17 22:22:57.016+0000 WARN  [o.n.k.i.c.MonitorGc] GC Monitor: Application threads blocked for 1395ms.
2016-10-17 23:17:05.010+0000 WARN  [o.n.k.i.c.MonitorGc] GC Monitor: Application threads blocked for 1393ms.
2016-10-18 00:11:12.010+0000 WARN  [o.n.k.i.c.MonitorGc] GC Monitor: Application threads blocked for 1399ms.
2016-10-18 01:05:18.011+0000 WARN  [o.n.k.i.c.MonitorGc] GC Monitor: Application threads blocked for 1405ms.
2016-10-18 01:59:25.020+0000 WARN  [o.n.k.i.c.MonitorGc] GC Monitor: Application threads blocked for 1421ms.
2016-10-18 02:53:32.009+0000 WARN  [o.n.k.i.c.MonitorGc] GC Monitor: Application threads blocked for 1349ms.
2016-10-18 03:47:40.010+0000 WARN  [o.n.k.i.c.MonitorGc] GC Monitor: Application threads blocked for 1383ms.
2016-10-18 04:41:46.013+0000 WARN  [o.n.k.i.c.MonitorGc] GC Monitor: Application threads blocked for 1412ms.
2016-10-18 05:35:52.015+0000 WARN  [o.n.k.i.c.MonitorGc] GC Monitor: Application threads blocked for 1382ms.
2016-10-18 06:29:59.157+0000 WARN  [o.n.k.i.c.MonitorGc] GC Monitor: Application threads blocked for 1472ms.
2016-10-18 07:24:04.013+0000 WARN  [o.n.k.i.c.MonitorGc] GC Monitor: Application threads blocked for 1427ms.
2016-10-18 08:18:10.012+0000 WARN  [o.n.k.i.c.MonitorGc] GC Monitor: Application threads blocked for 1329ms.
2016-10-18 09:12:18.010+0000 WARN  [o.n.k.i.c.MonitorGc] GC Monitor: Application threads blocked for 1384ms.
2016-10-18 10:06:24.010+0000 WARN  [o.n.k.i.c.MonitorGc] GC Monitor: Application threads blocked for 1393ms.
2016-10-18 10:48:35.011+0000 WARN  [o.n.k.i.c.MonitorGc] GC Monitor: Application threads blocked for 1325ms.
2016-10-18 10:53:35.009+0000 WARN  [o.n.k.i.c.MonitorGc] GC Monitor: Application threads blocked for 1332ms.
2016-10-18 10:58:36.151+0000 WARN  [o.n.k.i.c.MonitorGc] GC Monitor: Application threads blocked for 1370ms.
2016-10-18 11:03:35.010+0000 WARN  [o.n.k.i.c.MonitorGc] GC Monitor: Application threads blocked for 1368ms.
2016-10-18 11:08:35.011+0000 WARN  [o.n.k.i.c.MonitorGc] GC Monitor: Application threads blocked for 1406ms.
2016-10-18 11:13:35.009+0000 WARN  [o.n.k.i.c.MonitorGc] GC Monitor: Application threads blocked for 1413ms.
2016-10-18 11:18:35.010+0000 WARN  [o.n.k.i.c.MonitorGc] GC Monitor: Application threads blocked for 1413ms.
2016-10-18 11:23:35.009+0000 WARN  [o.n.k.i.c.MonitorGc] GC Monitor: Application threads blocked for 1356ms.
2016-10-18 11:28:35.011+0000 WARN  [o.n.k.i.c.MonitorGc] GC Monitor: Application threads blocked for 1403ms.
2016-10-18 11:33:35.012+0000 WARN  [o.n.k.i.c.MonitorGc] GC Monitor: Application threads blocked for 1357ms.
2016-10-18 11:38:35.011+0000 WARN  [o.n.k.i.c.MonitorGc] GC Monitor: Application threads blocked for 1362ms.
2016-10-18 11:43:35.010+0000 WARN  [o.n.k.i.c.MonitorGc] GC Monitor: Application threads blocked for 1335ms.
2016-10-18 11:48:35.011+0000 WARN  [o.n.k.i.c.MonitorGc] GC Monitor: Application threads blocked for 1403ms.
2016-10-18 11:53:35.010+0000 WARN  [o.n.k.i.c.MonitorGc] GC Monitor: Application threads blocked for 1338ms.
2016-10-18 11:58:35.011+0000 WARN  [o.n.k.i.c.MonitorGc] GC Monitor: Application threads blocked for 1335ms.
2016-10-18 12:03:35.011+0000 WARN  [o.n.k.i.c.MonitorGc] GC Monitor: Application threads blocked for 1367ms.
2016-10-18 12:08:35.009+0000 WARN  [o.n.k.i.c.MonitorGc] GC Monitor: Application threads blocked for 1372ms.
2016-10-18 12:13:35.011+0000 WARN  [o.n.k.i.c.MonitorGc] GC Monitor: Application threads blocked for 1340ms.
2016-10-18 12:18:34.008+0000 WARN  [o.n.k.i.c.MonitorGc] GC Monitor: Application threads blocked for 1378ms.
2016-10-18 12:23:35.010+0000 WARN  [o.n.k.i.c.MonitorGc] GC Monitor: Application threads blocked for 1353ms.
2016-10-18 12:28:35.012+0000 WARN  [o.n.k.i.c.MonitorGc] GC Monitor: Application threads blocked for 1398ms.
2016-10-18 12:33:35.014+0000 WARN  [o.n.k.i.c.MonitorGc] GC Monitor: Application threads blocked for 1382ms.
2016-10-18 12:38:36.155+0000 WARN  [o.n.k.i.c.MonitorGc] GC Monitor: Application threads blocked for 1325ms.
2016-10-18 12:43:34.010+0000 WARN  [o.n.k.i.c.MonitorGc] GC Monitor: Application threads blocked for 1319ms.
2016-10-18 12:48:36.150+0000 WARN  [o.n.k.i.c.MonitorGc] GC Monitor: Application threads blocked for 1321ms.
2016-10-18 12:53:34.011+0000 WARN  [o.n.k.i.c.MonitorGc] GC Monitor: Application threads blocked for 1331ms.
2016-10-18 12:58:35.010+0000 WARN  [o.n.k.i.c.MonitorGc] GC Monitor: Application threads blocked for 1363ms.
2016-10-18 13:03:35.010+0000 WARN  [o.n.k.i.c.MonitorGc] GC Monitor: Application threads blocked for 1372ms.
2016-10-18 13:08:34.011+0000 WARN  [o.n.k.i.c.MonitorGc] GC Monitor: Application threads blocked for 1397ms.
2016-10-18 13:44:41.010+0000 WARN  [o.n.k.i.c.MonitorGc] GC Monitor: Application threads blocked for 1387ms.
2016-10-18 14:20:19.011+0000 WARN  [o.n.k.i.c.MonitorGc] GC Monitor: Application threads blocked for 1432ms.
2016-10-18 15:17:18.159+0000 WARN  [o.n.k.i.c.MonitorGc] GC Monitor: Application threads blocked for 1426ms.
2016-10-18 15:39:52.015+0000 WARN  [o.n.k.i.c.MonitorGc] GC Monitor: Application threads blocked for 1361ms.
2016-10-18 20:38:04.009+0000 WARN  [o.n.k.i.c.MonitorGc] GC Monitor: Application threads blocked for 1470ms.
2016-10-18 20:47:05.011+0000 WARN  [o.n.k.i.c.MonitorGc] GC Monitor: Application threads blocked for 1390ms.
2016-10-18 22:34:24.005+0000 WARN  [o.n.k.i.c.MonitorGc] GC Monitor: Application threads blocked for 1475ms.
2016-10-18 23:28:26.004+0000 WARN  [o.n.k.i.c.MonitorGc] GC Monitor: Application threads blocked for 1639ms.
2016-10-19 00:22:32.005+0000 WARN  [o.n.k.i.c.MonitorGc] GC Monitor: Application threads blocked for 1392ms.
2016-10-19 01:16:38.006+0000 WARN  [o.n.k.i.c.MonitorGc] GC Monitor: Application threads blocked for 1342ms.
2016-10-19 02:10:44.006+0000 WARN  [o.n.k.i.c.MonitorGc] GC Monitor: Application threads blocked for 1427ms.
2016-10-19 03:04:52.005+0000 WARN  [o.n.k.i.c.MonitorGc] GC Monitor: Application threads blocked for 1417ms.
2016-10-19 03:58:58.005+0000 WARN  [o.n.k.i.c.MonitorGc] GC Monitor: Application threads blocked for 1384ms.
2016-10-19 04:53:05.009+0000 WARN  [o.n.k.i.c.MonitorGc] GC Monitor: Application threads blocked for 1346ms.
2016-10-19 05:47:11.010+0000 WARN  [o.n.k.i.c.MonitorGc] GC Monitor: Application threads blocked for 1372ms.
2016-10-19 06:41:17.007+0000 WARN  [o.n.k.i.c.MonitorGc] GC Monitor: Application threads blocked for 1400ms.
2016-10-19 07:35:23.005+0000 WARN  [o.n.k.i.c.MonitorGc] GC Monitor: Application threads blocked for 1382ms.
2016-10-19 08:29:29.007+0000 WARN  [o.n.k.i.c.MonitorGc] GC Monitor: Application threads blocked for 1351ms.
2016-10-19 09:23:37.005+0000 WARN  [o.n.k.i.c.MonitorGc] GC Monitor: Application threads blocked for 1329ms.
2016-10-19 10:17:43.004+0000 WARN  [o.n.k.i.c.MonitorGc] GC Monitor: Application threads blocked for 1374ms.
2016-10-19 11:11:49.005+0000 WARN  [o.n.k.i.c.MonitorGc] GC Monitor: Application threads blocked for 1452ms.
2016-10-19 12:05:55.006+0000 WARN  [o.n.k.i.c.MonitorGc] GC Monitor: Application threads blocked for 1409ms.
2016-10-19 13:00:01.004+0000 WARN  [o.n.k.i.c.MonitorGc] GC Monitor: Application threads blocked for 1412ms.
2016-10-19 13:54:07.005+0000 WARN  [o.n.k.i.c.MonitorGc] GC Monitor: Application threads blocked for 1322ms.
2016-10-19 14:17:22.006+0000 WARN  [o.n.k.i.c.MonitorGc] GC Monitor: Application threads blocked for 1377ms.
2016-10-19 14:44:48.009+0000 WARN  [o.n.k.i.c.MonitorGc] GC Monitor: Application threads blocked for 1337ms.
2016-10-19 15:38:54.008+0000 WARN  [o.n.k.i.c.MonitorGc] GC Monitor: Application threads blocked for 1381ms.
2016-10-19 16:14:43.007+0000 WARN  [o.n.k.i.c.MonitorGc] GC Monitor: Application threads blocked for 1423ms.
2016-10-19 16:20:13.005+0000 WARN  [o.n.k.i.c.MonitorGc] GC Monitor: Application threads blocked for 1400ms.
2016-10-19 16:29:20.005+0000 WARN  [o.n.k.i.c.MonitorGc] GC Monitor: Application threads blocked for 1373ms.
2016-10-19 16:37:03.007+0000 WARN  [o.n.k.i.c.MonitorGc] GC Monitor: Application threads blocked for 1445ms.
2016-10-19 17:34:10.006+0000 WARN  [o.n.k.i.c.MonitorGc] GC Monitor: Application threads blocked for 1415ms.
2016-10-19 17:37:30.009+0000 WARN  [o.n.k.i.c.MonitorGc] GC Monitor: Application threads blocked for 1425ms.
2016-10-19 18:06:50.011+0000 WARN  [o.n.k.i.c.MonitorGc] GC Monitor: Application threads blocked for 1420ms.
2016-10-19 19:00:19.005+0000 WARN  [o.n.k.i.c.MonitorGc] GC Monitor: Application threads blocked for 1440ms.
2016-10-19 19:55:27.006+0000 WARN  [o.n.k.i.c.MonitorGc] GC Monitor: Application threads blocked for 1444ms.
2016-10-19 20:49:30.010+0000 WARN  [o.n.k.i.c.MonitorGc] GC Monitor: Application threads blocked for 1351ms.
2016-10-19 21:43:33.008+0000 WARN  [o.n.k.i.c.MonitorGc] GC Monitor: Application threads blocked for 1367ms.
2016-10-19 22:11:25.006+0000 WARN  [o.n.k.i.c.MonitorGc] GC Monitor: Application threads blocked for 1359ms.
2016-10-19 22:40:25.340+0000 WARN  [o.n.k.i.c.MonitorGc] GC Monitor: Application threads blocked for 46801ms.
2016-10-19 22:43:21.336+0000 WARN  [o.n.k.i.c.MonitorGc] GC Monitor: Application threads blocked for 16683ms.
2016-10-19 23:35:11.331+0000 WARN  [o.n.k.i.c.MonitorGc] GC Monitor: Application threads blocked for 8453ms.
2016-10-19 23:40:22.316+0000 WARN  [o.n.k.i.c.MonitorGc] GC Monitor: Application threads blocked for 8309ms.
2016-10-20 00:30:10.300+0000 WARN  [o.n.k.i.c.MonitorGc] GC Monitor: Application threads blocked for 7577ms.
2016-10-20 00:35:08.317+0000 WARN  [o.n.k.i.c.MonitorGc] GC Monitor: Application threads blocked for 9250ms.
2016-10-20 01:25:07.316+0000 WARN  [o.n.k.i.c.MonitorGc] GC Monitor: Application threads blocked for 9364ms.
2016-10-20 01:30:07.310+0000 WARN  [o.n.k.i.c.MonitorGc] GC Monitor: Application threads blocked for 7917ms.
2016-10-20 02:20:04.310+0000 WARN  [o.n.k.i.c.MonitorGc] GC Monitor: Application threads blocked for 8875ms.
2016-10-20 02:25:04.316+0000 WARN  [o.n.k.i.c.MonitorGc] GC Monitor: Application threads blocked for 7685ms.
2016-10-20 03:15:01.404+0000 WARN  [o.n.k.i.c.MonitorGc] GC Monitor: Application threads blocked for 7013ms.
2016-10-20 03:20:01.353+0000 WARN  [o.n.k.i.c.MonitorGc] GC Monitor: Application threads blocked for 9634ms.
2016-10-20 04:09:59.316+0000 WARN  [o.n.k.i.c.MonitorGc] GC Monitor: Application threads blocked for 8607ms.
2016-10-20 04:14:59.317+0000 WARN  [o.n.k.i.c.MonitorGc] GC Monitor: Application threads blocked for 9099ms.
2016-10-20 05:04:57.531+0000 WARN  [o.n.k.i.c.MonitorGc] GC Monitor: Application threads blocked for 7308ms.
2016-10-20 05:09:57.324+0000 WARN  [o.n.k.i.c.MonitorGc] GC Monitor: Application threads blocked for 8728ms.
2016-10-20 05:59:55.212+0000 WARN  [o.n.k.i.c.MonitorGc] GC Monitor: Application threads blocked for 9913ms.
2016-10-20 06:04:55.185+0000 WARN  [o.n.k.i.c.MonitorGc] GC Monitor: Application threads blocked for 9335ms.
2016-10-20 06:54:53.138+0000 WARN  [o.n.k.i.c.MonitorGc] GC Monitor: Application threads blocked for 7121ms.
2016-10-20 06:59:53.161+0000 WARN  [o.n.k.i.c.MonitorGc] GC Monitor: Application threads blocked for 8688ms.
2016-10-20 07:12:07.145+0000 WARN  [o.n.k.i.c.MonitorGc] GC Monitor: Application threads blocked for 8154ms.
2016-10-20 15:13:01.329+0000 WARN  [o.n.k.i.c.MonitorGc] GC Monitor: Application threads blocked for 8360ms.
