2016-10-21 21:21:50.627+0000 INFO  [o.n.k.i.f.CommunityFacadeFactory] No locking implementation specified, defaulting to 'community'
2016-10-21 21:21:50.686+0000 INFO  [o.n.k.AvailabilityGuard] Requirement makes database unavailable: Database available
2016-10-21 21:21:50.705+0000 INFO  [o.n.k.i.DiagnosticsManager] --- INITIALIZED diagnostics START ---
2016-10-21 21:21:50.705+0000 INFO  [o.n.k.i.DiagnosticsManager] Neo4j Kernel properties:
2016-10-21 21:21:50.705+0000 INFO  [o.n.k.i.DiagnosticsManager] dbms.connector.http.enabled=true
2016-10-21 21:21:50.705+0000 INFO  [o.n.k.i.DiagnosticsManager] dbms.security.auth_enabled=false
2016-10-21 21:21:50.705+0000 INFO  [o.n.k.i.DiagnosticsManager] dbms.connector.bolt.type=BOLT
2016-10-21 21:21:50.705+0000 INFO  [o.n.k.i.DiagnosticsManager] unsupported.dbms.directories.neo4j_home=/Users/duckstab/git/StabbyMcDuck/crapper_keeper/db/neo4j/development
2016-10-21 21:21:50.705+0000 INFO  [o.n.k.i.DiagnosticsManager] dbms.directories.import=import
2016-10-21 21:21:50.706+0000 INFO  [o.n.k.i.DiagnosticsManager] dbms.connector.bolt.tls_level=OPTIONAL
2016-10-21 21:21:50.706+0000 INFO  [o.n.k.i.DiagnosticsManager] dbms.shell.enabled=true
2016-10-21 21:21:50.706+0000 INFO  [o.n.k.i.DiagnosticsManager] dbms.connector.https.address=localhost:7473
2016-10-21 21:21:50.706+0000 INFO  [o.n.k.i.DiagnosticsManager] dbms.connector.https.enabled=false
2016-10-21 21:21:50.706+0000 INFO  [o.n.k.i.DiagnosticsManager] dbms.connector.http.type=HTTP
2016-10-21 21:21:50.706+0000 INFO  [o.n.k.i.DiagnosticsManager] dbms.connector.https.encryption=TLS
2016-10-21 21:21:50.706+0000 INFO  [o.n.k.i.DiagnosticsManager] dbms.connector.https.type=HTTP
2016-10-21 21:21:50.706+0000 INFO  [o.n.k.i.DiagnosticsManager] unsupported.dbms.security.auth_store.location=data/dbms/auth
2016-10-21 21:21:50.706+0000 INFO  [o.n.k.i.DiagnosticsManager] unsupported.dbms.edition=community
2016-10-21 21:21:50.706+0000 INFO  [o.n.k.i.DiagnosticsManager] dbms.connector.bolt.address=localhost:7472
2016-10-21 21:21:50.706+0000 INFO  [o.n.k.i.DiagnosticsManager] dbms.connector.http.address=localhost:7474
2016-10-21 21:21:50.707+0000 INFO  [o.n.k.i.DiagnosticsManager] dbms.connector.bolt.enabled=true
2016-10-21 21:21:50.707+0000 INFO  [o.n.k.i.DiagnosticsManager] Diagnostics providers:
2016-10-21 21:21:50.707+0000 INFO  [o.n.k.i.DiagnosticsManager] org.neo4j.kernel.configuration.Config
2016-10-21 21:21:50.707+0000 INFO  [o.n.k.i.DiagnosticsManager] org.neo4j.kernel.info.DiagnosticsManager
2016-10-21 21:21:50.707+0000 INFO  [o.n.k.i.DiagnosticsManager] SYSTEM_MEMORY
2016-10-21 21:21:50.707+0000 INFO  [o.n.k.i.DiagnosticsManager] JAVA_MEMORY
2016-10-21 21:21:50.707+0000 INFO  [o.n.k.i.DiagnosticsManager] OPERATING_SYSTEM
2016-10-21 21:21:50.707+0000 INFO  [o.n.k.i.DiagnosticsManager] JAVA_VIRTUAL_MACHINE
2016-10-21 21:21:50.707+0000 INFO  [o.n.k.i.DiagnosticsManager] CLASSPATH
2016-10-21 21:21:50.707+0000 INFO  [o.n.k.i.DiagnosticsManager] LIBRARY_PATH
2016-10-21 21:21:50.707+0000 INFO  [o.n.k.i.DiagnosticsManager] SYSTEM_PROPERTIES
2016-10-21 21:21:50.707+0000 INFO  [o.n.k.i.DiagnosticsManager] NETWORK
2016-10-21 21:21:50.707+0000 INFO  [o.n.k.i.DiagnosticsManager] System memory information:
2016-10-21 21:21:50.746+0000 INFO  [o.n.k.i.DiagnosticsManager] Total Physical memory: 16.00 GB
2016-10-21 21:21:50.746+0000 INFO  [o.n.k.i.DiagnosticsManager] Free Physical memory: 33.93 MB
2016-10-21 21:21:50.747+0000 INFO  [o.n.k.i.DiagnosticsManager] Committed virtual memory: 7.94 GB
2016-10-21 21:21:50.747+0000 INFO  [o.n.k.i.DiagnosticsManager] Total swap space: 4.00 GB
2016-10-21 21:21:50.747+0000 INFO  [o.n.k.i.DiagnosticsManager] Free swap space: 806.25 MB
2016-10-21 21:21:50.747+0000 INFO  [o.n.k.i.DiagnosticsManager] JVM memory information:
2016-10-21 21:21:50.748+0000 INFO  [o.n.k.i.DiagnosticsManager] Free  memory: 202.26 MB
2016-10-21 21:21:50.748+0000 INFO  [o.n.k.i.DiagnosticsManager] Total memory: 256.00 MB
2016-10-21 21:21:50.748+0000 INFO  [o.n.k.i.DiagnosticsManager] Max   memory: 4.00 GB
2016-10-21 21:21:50.749+0000 INFO  [o.n.k.i.DiagnosticsManager] Garbage Collector: G1 Young Generation: [G1 Eden Space, G1 Survivor Space]
2016-10-21 21:21:50.749+0000 INFO  [o.n.k.i.DiagnosticsManager] Garbage Collector: G1 Old Generation: [G1 Eden Space, G1 Survivor Space, G1 Old Gen]
2016-10-21 21:21:50.750+0000 INFO  [o.n.k.i.DiagnosticsManager] Memory Pool: Code Cache (Non-heap memory): committed=3.63 MB, used=3.56 MB, max=240.00 MB, threshold=0.00 B
2016-10-21 21:21:50.751+0000 INFO  [o.n.k.i.DiagnosticsManager] Memory Pool: Metaspace (Non-heap memory): committed=10.75 MB, used=10.06 MB, max=-1.00 B, threshold=0.00 B
2016-10-21 21:21:50.751+0000 INFO  [o.n.k.i.DiagnosticsManager] Memory Pool: Compressed Class Space (Non-heap memory): committed=1.50 MB, used=1.29 MB, max=1.00 GB, threshold=0.00 B
2016-10-21 21:21:50.751+0000 INFO  [o.n.k.i.DiagnosticsManager] Memory Pool: G1 Eden Space (Heap memory): committed=11.00 MB, used=0.00 B, max=-1.00 B, threshold=?
2016-10-21 21:21:50.752+0000 INFO  [o.n.k.i.DiagnosticsManager] Memory Pool: G1 Survivor Space (Heap memory): committed=2.00 MB, used=2.00 MB, max=-1.00 B, threshold=?
2016-10-21 21:21:50.752+0000 INFO  [o.n.k.i.DiagnosticsManager] Memory Pool: G1 Old Gen (Heap memory): committed=243.00 MB, used=51.50 MB, max=4.00 GB, threshold=0.00 B
2016-10-21 21:21:50.752+0000 INFO  [o.n.k.i.DiagnosticsManager] Operating system information:
2016-10-21 21:21:50.753+0000 INFO  [o.n.k.i.DiagnosticsManager] Operating System: Mac OS X; version: 10.12; arch: x86_64; cpus: 8
2016-10-21 21:21:50.753+0000 INFO  [o.n.k.i.DiagnosticsManager] Max number of file descriptors: 10240
2016-10-21 21:21:50.753+0000 INFO  [o.n.k.i.DiagnosticsManager] Number of open file descriptors: 87
2016-10-21 21:21:55.837+0000 INFO  [o.n.k.i.DiagnosticsManager] Process id: 40264@Reginas-MacBook-Pro.local
2016-10-21 21:21:55.838+0000 INFO  [o.n.k.i.DiagnosticsManager] Byte order: LITTLE_ENDIAN
2016-10-21 21:21:55.838+0000 INFO  [o.n.k.i.DiagnosticsManager] Local timezone: America/Chicago
2016-10-21 21:21:55.838+0000 INFO  [o.n.k.i.DiagnosticsManager] JVM information:
2016-10-21 21:21:55.838+0000 INFO  [o.n.k.i.DiagnosticsManager] VM Name: Java HotSpot(TM) 64-Bit Server VM
2016-10-21 21:21:55.838+0000 INFO  [o.n.k.i.DiagnosticsManager] VM Vendor: Oracle Corporation
2016-10-21 21:21:55.838+0000 INFO  [o.n.k.i.DiagnosticsManager] VM Version: 25.71-b15
2016-10-21 21:21:55.839+0000 INFO  [o.n.k.i.DiagnosticsManager] JIT compiler: HotSpot 64-Bit Tiered Compilers
2016-10-21 21:21:55.840+0000 INFO  [o.n.k.i.DiagnosticsManager] VM Arguments: [-XX:+UseG1GC, -XX:-OmitStackTraceInFastThrow, -XX:hashCode=5, -XX:+AlwaysPreTouch, -XX:+UnlockExperimentalVMOptions, -XX:+TrustFinalNonStaticFields, -XX:+DisableExplicitGC, -Djdk.tls.ephemeralDHKeySize=2048, -Dunsupported.dbms.udc.source=tarball, -Dfile.encoding=UTF-8]
2016-10-21 21:21:55.840+0000 INFO  [o.n.k.i.DiagnosticsManager] Java classpath:
2016-10-21 21:21:55.841+0000 INFO  [o.n.k.i.DiagnosticsManager]  [classpath + loader.0] file:/Users/duckstab/git/StabbyMcDuck/crapper_keeper/db/neo4j/development/lib/jline-2.12.jar
2016-10-21 21:21:55.841+0000 INFO  [o.n.k.i.DiagnosticsManager]  [classpath + loader.0] file:/Users/duckstab/git/StabbyMcDuck/crapper_keeper/db/neo4j/development/lib/mimepull-1.9.3.jar
2016-10-21 21:21:55.841+0000 INFO  [o.n.k.i.DiagnosticsManager]  [classpath + loader.0] file:/Users/duckstab/git/StabbyMcDuck/crapper_keeper/db/neo4j/development/lib/neo4j-primitive-collections-3.0.6.jar
2016-10-21 21:21:55.841+0000 INFO  [o.n.k.i.DiagnosticsManager]  [classpath + loader.0] file:/Users/duckstab/git/StabbyMcDuck/crapper_keeper/db/neo4j/development/lib/lucene-core-5.5.0.jar
2016-10-21 21:21:55.841+0000 INFO  [o.n.k.i.DiagnosticsManager]  [classpath + loader.0] file:/Users/duckstab/git/StabbyMcDuck/crapper_keeper/db/neo4j/development/lib/neo4j-cypher-frontend-3.0-3.0.6.jar
2016-10-21 21:21:55.841+0000 INFO  [o.n.k.i.DiagnosticsManager]  [classpath + loader.0] file:/Users/duckstab/git/StabbyMcDuck/crapper_keeper/db/neo4j/development/lib/neo4j-lucene-index-3.0.6.jar
2016-10-21 21:21:55.842+0000 INFO  [o.n.k.i.DiagnosticsManager]  [loader.1] file:/Library/Java/JavaVirtualMachines/jdk1.8.0_71.jdk/Contents/Home/jre/lib/ext/sunpkcs11.jar
2016-10-21 21:21:55.842+0000 INFO  [o.n.k.i.DiagnosticsManager]  [classpath + loader.0] file:/Users/duckstab/git/StabbyMcDuck/crapper_keeper/db/neo4j/development/lib/javax.servlet-api-3.1.0.jar
2016-10-21 21:21:55.842+0000 INFO  [o.n.k.i.DiagnosticsManager]  [classpath + loader.0] file:/Users/duckstab/git/StabbyMcDuck/crapper_keeper/db/neo4j/development/plugins/*
2016-10-21 21:21:55.842+0000 INFO  [o.n.k.i.DiagnosticsManager]  [bootstrap] /Library/Java/JavaVirtualMachines/jdk1.8.0_71.jdk/Contents/Home/jre/lib/rt.jar
2016-10-21 21:21:55.842+0000 INFO  [o.n.k.i.DiagnosticsManager]  [classpath + loader.0] file:/Users/duckstab/git/StabbyMcDuck/crapper_keeper/db/neo4j/development/lib/jersey-servlet-1.19.jar
2016-10-21 21:21:55.842+0000 INFO  [o.n.k.i.DiagnosticsManager]  [classpath + loader.0] file:/Users/duckstab/git/StabbyMcDuck/crapper_keeper/db/neo4j/development/lib/jackson-mapper-asl-1.9.13.jar
2016-10-21 21:21:55.842+0000 INFO  [o.n.k.i.DiagnosticsManager]  [classpath + loader.0] file:/Users/duckstab/git/StabbyMcDuck/crapper_keeper/db/neo4j/development/lib/bcprov-jdk15on-1.53.jar
2016-10-21 21:21:55.842+0000 INFO  [o.n.k.i.DiagnosticsManager]  [classpath + loader.0] file:/Users/duckstab/git/StabbyMcDuck/crapper_keeper/db/neo4j/development/lib/netty-all-4.0.28.Final.jar
2016-10-21 21:21:55.842+0000 INFO  [o.n.k.i.DiagnosticsManager]  [classpath + loader.0] file:/Users/duckstab/git/StabbyMcDuck/crapper_keeper/db/neo4j/development/lib/commons-beanutils-1.8.3.jar
2016-10-21 21:21:55.842+0000 INFO  [o.n.k.i.DiagnosticsManager]  [classpath + loader.0] file:/Users/duckstab/git/StabbyMcDuck/crapper_keeper/db/neo4j/development/lib/jersey-server-1.19.jar
2016-10-21 21:21:55.842+0000 INFO  [o.n.k.i.DiagnosticsManager]  [classpath + loader.0] file:/Users/duckstab/git/StabbyMcDuck/crapper_keeper/db/neo4j/development/lib/neo4j-lucene-upgrade-3.0.6.jar
2016-10-21 21:21:55.842+0000 INFO  [o.n.k.i.DiagnosticsManager]  [bootstrap] /Library/Java/JavaVirtualMachines/jdk1.8.0_71.jdk/Contents/Home/jre/lib/jsse.jar
2016-10-21 21:21:55.842+0000 INFO  [o.n.k.i.DiagnosticsManager]  [classpath + loader.0] file:/Users/duckstab/git/StabbyMcDuck/crapper_keeper/db/neo4j/development/lib/neo4j-server-3.0.6.jar
2016-10-21 21:21:55.842+0000 INFO  [o.n.k.i.DiagnosticsManager]  [classpath + loader.0] file:/Users/duckstab/git/StabbyMcDuck/crapper_keeper/db/neo4j/development/lib/neo4j-csv-3.0.6.jar
2016-10-21 21:21:55.842+0000 INFO  [o.n.k.i.DiagnosticsManager]  [classpath + loader.0] file:/Users/duckstab/git/StabbyMcDuck/crapper_keeper/db/neo4j/development/lib/neo4j-codegen-3.0.6.jar
2016-10-21 21:21:55.842+0000 INFO  [o.n.k.i.DiagnosticsManager]  [classpath + loader.0] file:/Users/duckstab/git/StabbyMcDuck/crapper_keeper/db/neo4j/development/lib/opencsv-2.3.jar
2016-10-21 21:21:55.842+0000 INFO  [o.n.k.i.DiagnosticsManager]  [classpath + loader.0] file:/Users/duckstab/git/StabbyMcDuck/crapper_keeper/db/neo4j/development/conf/
2016-10-21 21:21:55.842+0000 INFO  [o.n.k.i.DiagnosticsManager]  [bootstrap] /Library/Java/JavaVirtualMachines/jdk1.8.0_71.jdk/Contents/Home/jre/lib/sunrsasign.jar
2016-10-21 21:21:55.842+0000 INFO  [o.n.k.i.DiagnosticsManager]  [classpath + loader.0] file:/Users/duckstab/git/StabbyMcDuck/crapper_keeper/db/neo4j/development/lib/parboiled-core-1.1.7.jar
2016-10-21 21:21:55.842+0000 INFO  [o.n.k.i.DiagnosticsManager]  [classpath + loader.0] file:/Users/duckstab/git/StabbyMcDuck/crapper_keeper/db/neo4j/development/lib/commons-configuration-1.10.jar
2016-10-21 21:21:55.842+0000 INFO  [o.n.k.i.DiagnosticsManager]  [classpath + loader.0] file:/Users/duckstab/git/StabbyMcDuck/crapper_keeper/db/neo4j/development/lib/jetty-security-9.2.9.v20150224.jar
2016-10-21 21:21:55.842+0000 INFO  [o.n.k.i.DiagnosticsManager]  [classpath + loader.0] file:/Users/duckstab/git/StabbyMcDuck/crapper_keeper/db/neo4j/development/lib/neo4j-jmx-3.0.6.jar
2016-10-21 21:21:55.842+0000 INFO  [o.n.k.i.DiagnosticsManager]  [classpath + loader.0] file:/Users/duckstab/git/StabbyMcDuck/crapper_keeper/db/neo4j/development/lib/bcpkix-jdk15on-1.53.jar
2016-10-21 21:21:55.842+0000 INFO  [o.n.k.i.DiagnosticsManager]  [classpath + loader.0] file:/Users/duckstab/git/StabbyMcDuck/crapper_keeper/db/neo4j/development/lib/neo4j-cypher-3.0.6.jar
2016-10-21 21:21:55.842+0000 INFO  [o.n.k.i.DiagnosticsManager]  [classpath + loader.0] file:/Users/duckstab/git/StabbyMcDuck/crapper_keeper/db/neo4j/development/lib/lucene-queryparser-5.5.0.jar
2016-10-21 21:21:55.842+0000 INFO  [o.n.k.i.DiagnosticsManager]  [classpath + loader.0] file:/Users/duckstab/git/StabbyMcDuck/crapper_keeper/db/neo4j/development/lib/commons-digester-2.1.jar
2016-10-21 21:21:55.842+0000 INFO  [o.n.k.i.DiagnosticsManager]  [bootstrap] /Library/Java/JavaVirtualMachines/jdk1.8.0_71.jdk/Contents/Home/jre/lib/resources.jar
2016-10-21 21:21:55.842+0000 INFO  [o.n.k.i.DiagnosticsManager]  [bootstrap] /Library/Java/JavaVirtualMachines/jdk1.8.0_71.jdk/Contents/Home/jre/lib/jfr.jar
2016-10-21 21:21:55.843+0000 INFO  [o.n.k.i.DiagnosticsManager]  [classpath + loader.0] file:/Users/duckstab/git/StabbyMcDuck/crapper_keeper/db/neo4j/development/lib/neo4j-graphdb-api-3.0.6.jar
2016-10-21 21:21:55.843+0000 INFO  [o.n.k.i.DiagnosticsManager]  [classpath + loader.0] file:/Users/duckstab/git/StabbyMcDuck/crapper_keeper/db/neo4j/development/lib/parboiled-scala_2.11-1.1.7.jar
2016-10-21 21:21:55.843+0000 INFO  [o.n.k.i.DiagnosticsManager]  [classpath + loader.0] file:/Users/duckstab/git/StabbyMcDuck/crapper_keeper/db/neo4j/development/lib/jsr311-api-1.1.2.r612.jar
2016-10-21 21:21:55.843+0000 INFO  [o.n.k.i.DiagnosticsManager]  [classpath + loader.0] file:/Users/duckstab/git/StabbyMcDuck/crapper_keeper/db/neo4j/development/lib/neo4j-kernel-3.0.6.jar
2016-10-21 21:21:55.843+0000 INFO  [o.n.k.i.DiagnosticsManager]  [classpath + loader.0] file:/Users/duckstab/git/StabbyMcDuck/crapper_keeper/db/neo4j/development/lib/jetty-server-9.2.9.v20150224.jar
2016-10-21 21:21:55.843+0000 INFO  [o.n.k.i.DiagnosticsManager]  [classpath + loader.0] file:/Users/duckstab/git/StabbyMcDuck/crapper_keeper/db/neo4j/development/lib/lucene-analyzers-common-5.5.0.jar
2016-10-21 21:21:55.843+0000 INFO  [o.n.k.i.DiagnosticsManager]  [classpath + loader.0] file:/Users/duckstab/git/StabbyMcDuck/crapper_keeper/db/neo4j/development/lib/neo4j-graph-algo-3.0.6.jar
2016-10-21 21:21:55.843+0000 INFO  [o.n.k.i.DiagnosticsManager]  [classpath + loader.0] file:/Users/duckstab/git/StabbyMcDuck/crapper_keeper/db/neo4j/development/lib/neo4j-cypher-frontend-2.3-2.3.7.jar
2016-10-21 21:21:55.843+0000 INFO  [o.n.k.i.DiagnosticsManager]  [classpath + loader.0] file:/Users/duckstab/git/StabbyMcDuck/crapper_keeper/db/neo4j/development/lib/scala-library-2.11.8.jar
2016-10-21 21:21:55.843+0000 INFO  [o.n.k.i.DiagnosticsManager]  [classpath + loader.0] file:/Users/duckstab/git/StabbyMcDuck/crapper_keeper/db/neo4j/development/lib/scala-reflect-2.11.8.jar
2016-10-21 21:21:55.843+0000 INFO  [o.n.k.i.DiagnosticsManager]  [loader.1] file:/System/Library/Java/Extensions/MRJToolkit.jar
2016-10-21 21:21:55.843+0000 INFO  [o.n.k.i.DiagnosticsManager]  [classpath + loader.0] file:/Users/duckstab/git/StabbyMcDuck/crapper_keeper/db/neo4j/development/lib/neo4j-shell-3.0.6.jar
2016-10-21 21:21:55.843+0000 INFO  [o.n.k.i.DiagnosticsManager]  [classpath + loader.0] file:/Users/duckstab/git/StabbyMcDuck/crapper_keeper/db/neo4j/development/lib/server-api-3.0.6.jar
2016-10-21 21:21:55.843+0000 INFO  [o.n.k.i.DiagnosticsManager]  [classpath + loader.0] file:/Users/duckstab/git/StabbyMcDuck/crapper_keeper/db/neo4j/development/lib/concurrentlinkedhashmap-lru-1.4.2.jar
2016-10-21 21:21:55.843+0000 INFO  [o.n.k.i.DiagnosticsManager]  [classpath + loader.0] file:/Users/duckstab/git/StabbyMcDuck/crapper_keeper/db/neo4j/development/lib/neo4j-dbms-3.0.6.jar
2016-10-21 21:21:55.843+0000 INFO  [o.n.k.i.DiagnosticsManager]  [classpath + loader.0] file:/Users/duckstab/git/StabbyMcDuck/crapper_keeper/db/neo4j/development/lib/neo4j-logging-3.0.6.jar
2016-10-21 21:21:55.843+0000 INFO  [o.n.k.i.DiagnosticsManager]  [classpath + loader.0] file:/Users/duckstab/git/StabbyMcDuck/crapper_keeper/db/neo4j/development/lib/jackson-jaxrs-1.9.13.jar
2016-10-21 21:21:55.843+0000 INFO  [o.n.k.i.DiagnosticsManager]  [loader.1] file:/Library/Java/JavaVirtualMachines/jdk1.8.0_71.jdk/Contents/Home/jre/lib/ext/jfxrt.jar
2016-10-21 21:21:55.843+0000 INFO  [o.n.k.i.DiagnosticsManager]  [loader.1] file:/Library/Java/JavaVirtualMachines/jdk1.8.0_71.jdk/Contents/Home/jre/lib/ext/zipfs.jar
2016-10-21 21:21:55.843+0000 INFO  [o.n.k.i.DiagnosticsManager]  [classpath + loader.0] file:/Users/duckstab/git/StabbyMcDuck/crapper_keeper/db/neo4j/development/lib/neo4j-consistency-check-3.0.6.jar
2016-10-21 21:21:55.843+0000 INFO  [o.n.k.i.DiagnosticsManager]  [classpath + loader.0] file:/Users/duckstab/git/StabbyMcDuck/crapper_keeper/db/neo4j/development/lib/asm-5.0.2.jar
2016-10-21 21:21:55.843+0000 INFO  [o.n.k.i.DiagnosticsManager]  [classpath + loader.0] file:/Users/duckstab/git/StabbyMcDuck/crapper_keeper/db/neo4j/development/lib/jetty-util-9.2.9.v20150224.jar
2016-10-21 21:21:55.843+0000 INFO  [o.n.k.i.DiagnosticsManager]  [classpath + loader.0] file:/Users/duckstab/git/StabbyMcDuck/crapper_keeper/db/neo4j/development/lib/commons-io-2.4.jar
2016-10-21 21:21:55.843+0000 INFO  [o.n.k.i.DiagnosticsManager]  [classpath + loader.0] file:/Users/duckstab/git/StabbyMcDuck/crapper_keeper/db/neo4j/development/lib/jetty-servlet-9.2.9.v20150224.jar
2016-10-21 21:21:55.843+0000 INFO  [o.n.k.i.DiagnosticsManager]  [loader.1] file:/Library/Java/JavaVirtualMachines/jdk1.8.0_71.jdk/Contents/Home/jre/lib/ext/sunec.jar
2016-10-21 21:21:55.843+0000 INFO  [o.n.k.i.DiagnosticsManager]  [loader.1] file:/Library/Java/JavaVirtualMachines/jdk1.8.0_71.jdk/Contents/Home/jre/lib/ext/jaccess.jar
2016-10-21 21:21:55.843+0000 INFO  [o.n.k.i.DiagnosticsManager]  [classpath + loader.0] file:/Users/duckstab/git/StabbyMcDuck/crapper_keeper/db/neo4j/development/lib/neo4j-bolt-3.0.6.jar
2016-10-21 21:21:55.843+0000 INFO  [o.n.k.i.DiagnosticsManager]  [classpath + loader.0] file:/Users/duckstab/git/StabbyMcDuck/crapper_keeper/db/neo4j/development/lib/neo4j-cypher-compiler-3.0-3.0.6.jar
2016-10-21 21:21:55.843+0000 INFO  [o.n.k.i.DiagnosticsManager]  [classpath + loader.0] file:/Users/duckstab/git/StabbyMcDuck/crapper_keeper/db/neo4j/development/lib/neo4j-security-3.0.6.jar
2016-10-21 21:21:55.844+0000 INFO  [o.n.k.i.DiagnosticsManager]  [classpath + loader.0] file:/Users/duckstab/git/StabbyMcDuck/crapper_keeper/db/neo4j/development/lib/jetty-io-9.2.9.v20150224.jar
2016-10-21 21:21:55.844+0000 INFO  [o.n.k.i.DiagnosticsManager]  [classpath + loader.0] file:/Users/duckstab/git/StabbyMcDuck/crapper_keeper/db/neo4j/development/lib/neo4j-common-3.0.6.jar
2016-10-21 21:21:55.844+0000 INFO  [o.n.k.i.DiagnosticsManager]  [classpath + loader.0] file:/Users/duckstab/git/StabbyMcDuck/crapper_keeper/db/neo4j/development/lib/neo4j-udc-3.0.6.jar
2016-10-21 21:21:55.844+0000 INFO  [o.n.k.i.DiagnosticsManager]  [classpath + loader.0] file:/Users/duckstab/git/StabbyMcDuck/crapper_keeper/db/neo4j/development/lib/neo4j-resource-3.0.6.jar
2016-10-21 21:21:55.844+0000 INFO  [o.n.k.i.DiagnosticsManager]  [bootstrap] /Library/Java/JavaVirtualMachines/jdk1.8.0_71.jdk/Contents/Home/jre/lib/charsets.jar
2016-10-21 21:21:55.844+0000 INFO  [o.n.k.i.DiagnosticsManager]  [classpath + loader.0] file:/Users/duckstab/git/StabbyMcDuck/crapper_keeper/db/neo4j/development/lib/commons-lang3-3.3.2.jar
2016-10-21 21:21:55.844+0000 INFO  [o.n.k.i.DiagnosticsManager]  [classpath + loader.0] file:/Users/duckstab/git/StabbyMcDuck/crapper_keeper/db/neo4j/development/lib/commons-logging-1.1.1.jar
2016-10-21 21:21:55.844+0000 INFO  [o.n.k.i.DiagnosticsManager]  [classpath + loader.0] file:/Users/duckstab/git/StabbyMcDuck/crapper_keeper/db/neo4j/development/lib/jersey-core-1.19.jar
2016-10-21 21:21:55.844+0000 INFO  [o.n.k.i.DiagnosticsManager]  [classpath + loader.0] file:/Users/duckstab/git/StabbyMcDuck/crapper_keeper/db/neo4j/development/lib/jetty-http-9.2.9.v20150224.jar
2016-10-21 21:21:55.844+0000 INFO  [o.n.k.i.DiagnosticsManager]  [classpath + loader.0] file:/Users/duckstab/git/StabbyMcDuck/crapper_keeper/db/neo4j/development/lib/neo4j-command-line-3.0.6.jar
2016-10-21 21:21:55.844+0000 INFO  [o.n.k.i.DiagnosticsManager]  [loader.1] file:/Library/Java/JavaVirtualMachines/jdk1.8.0_71.jdk/Contents/Home/jre/lib/ext/sunjce_provider.jar
2016-10-21 21:21:55.844+0000 INFO  [o.n.k.i.DiagnosticsManager]  [classpath + loader.0] file:/Users/duckstab/git/StabbyMcDuck/crapper_keeper/db/neo4j/development/lib/neo4j-collections-3.0.6.jar
2016-10-21 21:21:55.844+0000 INFO  [o.n.k.i.DiagnosticsManager]  [loader.1] file:/Library/Java/JavaVirtualMachines/jdk1.8.0_71.jdk/Contents/Home/jre/lib/ext/dnsns.jar
2016-10-21 21:21:55.844+0000 INFO  [o.n.k.i.DiagnosticsManager]  [classpath + loader.0] file:/Users/duckstab/git/StabbyMcDuck/crapper_keeper/db/neo4j/development/lib/neo4j-import-tool-3.0.6.jar
2016-10-21 21:21:55.844+0000 INFO  [o.n.k.i.DiagnosticsManager]  [loader.1] file:/Library/Java/JavaVirtualMachines/jdk1.8.0_71.jdk/Contents/Home/jre/lib/ext/localedata.jar
2016-10-21 21:21:55.844+0000 INFO  [o.n.k.i.DiagnosticsManager]  [classpath + loader.0] file:/Users/duckstab/git/StabbyMcDuck/crapper_keeper/db/neo4j/development/lib/neo4j-graph-matching-3.0.6.jar
2016-10-21 21:21:55.844+0000 INFO  [o.n.k.i.DiagnosticsManager]  [classpath + loader.0] file:/Users/duckstab/git/StabbyMcDuck/crapper_keeper/db/neo4j/development/lib/jetty-webapp-9.2.9.v20150224.jar
2016-10-21 21:21:55.844+0000 INFO  [o.n.k.i.DiagnosticsManager]  [classpath + loader.0] file:/Users/duckstab/git/StabbyMcDuck/crapper_keeper/db/neo4j/development/lib/rhino-1.7R4.jar
2016-10-21 21:21:55.844+0000 INFO  [o.n.k.i.DiagnosticsManager]  [loader.1] file:/Library/Java/JavaVirtualMachines/jdk1.8.0_71.jdk/Contents/Home/jre/lib/ext/nashorn.jar
2016-10-21 21:21:55.844+0000 INFO  [o.n.k.i.DiagnosticsManager]  [classpath + loader.0] file:/Users/duckstab/git/StabbyMcDuck/crapper_keeper/db/neo4j/development/lib/commons-lang-2.6.jar
2016-10-21 21:21:55.844+0000 INFO  [o.n.k.i.DiagnosticsManager]  [loader.1] file:/Library/Java/JavaVirtualMachines/jdk1.8.0_71.jdk/Contents/Home/jre/lib/ext/cldrdata.jar
2016-10-21 21:21:55.844+0000 INFO  [o.n.k.i.DiagnosticsManager]  [classpath + loader.0] file:/Users/duckstab/git/StabbyMcDuck/crapper_keeper/db/neo4j/development/lib/jackson-core-asl-1.9.13.jar
2016-10-21 21:21:55.844+0000 INFO  [o.n.k.i.DiagnosticsManager]  [classpath + loader.0] file:/Users/duckstab/git/StabbyMcDuck/crapper_keeper/db/neo4j/development/lib/jetty-xml-9.2.9.v20150224.jar
2016-10-21 21:21:55.844+0000 INFO  [o.n.k.i.DiagnosticsManager]  [classpath + loader.0] file:/Users/duckstab/git/StabbyMcDuck/crapper_keeper/db/neo4j/development/lib/lucene-codecs-5.5.0.jar
2016-10-21 21:21:55.844+0000 INFO  [o.n.k.i.DiagnosticsManager]  [classpath + loader.0] file:/Users/duckstab/git/StabbyMcDuck/crapper_keeper/db/neo4j/development/lib/neo4j-browser-1.1.8.jar
2016-10-21 21:21:55.844+0000 INFO  [o.n.k.i.DiagnosticsManager]  [classpath + loader.0] file:/Users/duckstab/git/StabbyMcDuck/crapper_keeper/db/neo4j/development/lib/neo4j-io-3.0.6.jar
2016-10-21 21:21:55.844+0000 INFO  [o.n.k.i.DiagnosticsManager]  [classpath + loader.0] file:/Users/duckstab/git/StabbyMcDuck/crapper_keeper/db/neo4j/development/lib/neo4j-cypher-compiler-2.3-2.3.7.jar
2016-10-21 21:21:55.844+0000 INFO  [o.n.k.i.DiagnosticsManager]  [classpath + loader.0] file:/Users/duckstab/git/StabbyMcDuck/crapper_keeper/db/neo4j/development/lib/jersey-multipart-1.19.jar
2016-10-21 21:21:55.844+0000 INFO  [o.n.k.i.DiagnosticsManager]  [bootstrap] /Library/Java/JavaVirtualMachines/jdk1.8.0_71.jdk/Contents/Home/jre/lib/jce.jar
2016-10-21 21:21:55.844+0000 INFO  [o.n.k.i.DiagnosticsManager]  [classpath + loader.0] file:/Users/duckstab/git/StabbyMcDuck/crapper_keeper/db/neo4j/development/plugins/
2016-10-21 21:21:55.844+0000 INFO  [o.n.k.i.DiagnosticsManager]  [bootstrap] /Library/Java/JavaVirtualMachines/jdk1.8.0_71.jdk/Contents/Home/jre/classes
2016-10-21 21:21:55.844+0000 INFO  [o.n.k.i.DiagnosticsManager]  [classpath + loader.0] file:/Users/duckstab/git/StabbyMcDuck/crapper_keeper/db/neo4j/development/lib/neo4j-unsafe-3.0.6.jar
2016-10-21 21:21:55.844+0000 INFO  [o.n.k.i.DiagnosticsManager] Library path:
2016-10-21 21:21:55.845+0000 INFO  [o.n.k.i.DiagnosticsManager] /Users/duckstab/Library/Java/Extensions
2016-10-21 21:21:55.845+0000 INFO  [o.n.k.i.DiagnosticsManager] /Library/Java/Extensions
2016-10-21 21:21:55.845+0000 INFO  [o.n.k.i.DiagnosticsManager] /Network/Library/Java/Extensions
2016-10-21 21:21:55.845+0000 INFO  [o.n.k.i.DiagnosticsManager] /System/Library/Java/Extensions
2016-10-21 21:21:55.845+0000 INFO  [o.n.k.i.DiagnosticsManager] /usr/lib/java
2016-10-21 21:21:55.845+0000 INFO  [o.n.k.i.DiagnosticsManager] /Users/duckstab/git/StabbyMcDuck/crapper_keeper
2016-10-21 21:21:55.845+0000 INFO  [o.n.k.i.DiagnosticsManager] System.properties:
2016-10-21 21:21:55.845+0000 INFO  [o.n.k.i.DiagnosticsManager] sun.boot.library.path = /Library/Java/JavaVirtualMachines/jdk1.8.0_71.jdk/Contents/Home/jre/lib
2016-10-21 21:21:55.845+0000 INFO  [o.n.k.i.DiagnosticsManager] gopherProxySet = false
2016-10-21 21:21:55.845+0000 INFO  [o.n.k.i.DiagnosticsManager] path.separator = :
2016-10-21 21:21:55.845+0000 INFO  [o.n.k.i.DiagnosticsManager] file.encoding.pkg = sun.io
2016-10-21 21:21:55.846+0000 INFO  [o.n.k.i.DiagnosticsManager] user.country = US
2016-10-21 21:21:55.846+0000 INFO  [o.n.k.i.DiagnosticsManager] sun.java.launcher = SUN_STANDARD
2016-10-21 21:21:55.846+0000 INFO  [o.n.k.i.DiagnosticsManager] sun.os.patch.level = unknown
2016-10-21 21:21:55.846+0000 INFO  [o.n.k.i.DiagnosticsManager] user.dir = /Users/duckstab/git/StabbyMcDuck/crapper_keeper
2016-10-21 21:21:55.846+0000 INFO  [o.n.k.i.DiagnosticsManager] sun.jnu.encoding = UTF-8
2016-10-21 21:21:55.846+0000 INFO  [o.n.k.i.DiagnosticsManager] unsupported.dbms.udc.source = tarball
2016-10-21 21:21:55.846+0000 INFO  [o.n.k.i.DiagnosticsManager] sun.management.compiler = HotSpot 64-Bit Tiered Compilers
2016-10-21 21:21:55.846+0000 INFO  [o.n.k.i.DiagnosticsManager] http.nonProxyHosts = local|*.local|169.254/16|*.169.254/16
2016-10-21 21:21:55.846+0000 INFO  [o.n.k.i.DiagnosticsManager] user.home = /Users/duckstab
2016-10-21 21:21:55.846+0000 INFO  [o.n.k.i.DiagnosticsManager] user.timezone = America/Chicago
2016-10-21 21:21:55.846+0000 INFO  [o.n.k.i.DiagnosticsManager] file.encoding = UTF-8
2016-10-21 21:21:55.846+0000 INFO  [o.n.k.i.DiagnosticsManager] user.name = duckstab
2016-10-21 21:21:55.846+0000 INFO  [o.n.k.i.DiagnosticsManager] sun.java.command = org.neo4j.server.CommunityEntryPoint --home-dir=/Users/duckstab/git/StabbyMcDuck/crapper_keeper/db/neo4j/development --config-dir=/Users/duckstab/git/StabbyMcDuck/crapper_keeper/db/neo4j/development/conf
2016-10-21 21:21:55.846+0000 INFO  [o.n.k.i.DiagnosticsManager] sun.arch.data.model = 64
2016-10-21 21:21:55.846+0000 INFO  [o.n.k.i.DiagnosticsManager] user.language = en
2016-10-21 21:21:55.846+0000 INFO  [o.n.k.i.DiagnosticsManager] awt.toolkit = sun.lwawt.macosx.LWCToolkit
2016-10-21 21:21:55.846+0000 INFO  [o.n.k.i.DiagnosticsManager] jdk.tls.ephemeralDHKeySize = 2048
2016-10-21 21:21:55.846+0000 INFO  [o.n.k.i.DiagnosticsManager] file.separator = /
2016-10-21 21:21:55.846+0000 INFO  [o.n.k.i.DiagnosticsManager] sun.io.unicode.encoding = UnicodeBig
2016-10-21 21:21:55.846+0000 INFO  [o.n.k.i.DiagnosticsManager] sun.cpu.endian = little
2016-10-21 21:21:55.846+0000 INFO  [o.n.k.i.DiagnosticsManager] socksNonProxyHosts = local|*.local|169.254/16|*.169.254/16
2016-10-21 21:21:55.846+0000 INFO  [o.n.k.i.DiagnosticsManager] ftp.nonProxyHosts = local|*.local|169.254/16|*.169.254/16
2016-10-21 21:21:55.846+0000 INFO  [o.n.k.i.DiagnosticsManager] sun.cpu.isalist = 
2016-10-21 21:21:55.846+0000 INFO  [o.n.k.i.DiagnosticsManager] Network information:
2016-10-21 21:21:55.851+0000 INFO  [o.n.k.i.DiagnosticsManager] Interface utun2:
2016-10-21 21:21:55.851+0000 INFO  [o.n.k.i.DiagnosticsManager]     address: fe80:0:0:0:e8e7:7176:108f:d113%utun2
2016-10-21 21:21:55.851+0000 INFO  [o.n.k.i.DiagnosticsManager] Interface utun0:
2016-10-21 21:21:55.851+0000 INFO  [o.n.k.i.DiagnosticsManager]     address: fe80:0:0:0:8f2f:2085:c7de:fac5%utun0
2016-10-21 21:21:55.851+0000 INFO  [o.n.k.i.DiagnosticsManager] Interface awdl0:
2016-10-21 21:21:55.852+0000 INFO  [o.n.k.i.DiagnosticsManager]     address: fe80:0:0:0:ecb4:9eff:fedf:4460%awdl0
2016-10-21 21:21:55.852+0000 INFO  [o.n.k.i.DiagnosticsManager] Interface en0:
2016-10-21 21:21:55.852+0000 INFO  [o.n.k.i.DiagnosticsManager]     address: 2605:6000:f2c2:a600:1578:c7a8:6aa2:96fe
2016-10-21 21:21:55.852+0000 INFO  [o.n.k.i.DiagnosticsManager]     address: 2605:6000:f2c2:a600:10c9:e502:1be:e7aa
2016-10-21 21:21:55.852+0000 INFO  [o.n.k.i.DiagnosticsManager]     address: fe80:0:0:0:c07:4719:59b4:eb0b%en0
2016-10-21 21:21:55.852+0000 INFO  [o.n.k.i.DiagnosticsManager]     address: 192.168.0.16
2016-10-21 21:21:55.852+0000 INFO  [o.n.k.i.DiagnosticsManager] Interface lo0:
2016-10-21 21:21:55.852+0000 INFO  [o.n.k.i.DiagnosticsManager]     address: fe80:0:0:0:0:0:0:1%lo0
2016-10-21 21:21:55.852+0000 INFO  [o.n.k.i.DiagnosticsManager]     address: 0:0:0:0:0:0:0:1
2016-10-21 21:21:55.852+0000 INFO  [o.n.k.i.DiagnosticsManager]     address: 127.0.0.1
2016-10-21 21:21:55.852+0000 INFO  [o.n.k.i.DiagnosticsManager] --- INITIALIZED diagnostics END ---
2016-10-21 21:21:55.894+0000 INFO  [o.n.b.v.r.Sessions] No SSL certificate found, generating a self-signed certificate..
2016-10-21 21:22:01.624+0000 INFO  [o.n.b.v.r.Sessions] Bolt Server extension loaded.
2016-10-21 21:22:01.625+0000 INFO  [o.n.b.v.r.Sessions] Bolt enabled on localhost:7472.
2016-10-21 21:22:01.707+0000 INFO  [o.n.k.i.s.f.RecordFormatSelector] Selected format 'RecordFormat:StandardV3_0[v0.A.7]' for the new store
2016-10-21 21:22:01.919+0000 INFO  [o.n.k.a.i.l.LuceneLabelScanStore] No lucene scan store index found, this might just be first use. Preparing to rebuild.
2016-10-21 21:22:02.077+0000 INFO  [o.n.k.NeoStoreDataSource] Opened logical log [/Users/duckstab/git/StabbyMcDuck/crapper_keeper/db/neo4j/development/data/databases/graph.db/neostore.transaction.db.0] version=0, lastTxId=1 (clean)
2016-10-21 21:22:02.085+0000 WARN  [o.n.k.i.s.MetaDataStore] Missing counts store, rebuilding it.
2016-10-21 21:22:02.209+0000 INFO  [o.n.k.a.i.l.LuceneLabelScanStore] Rebuilding lucene scan store, this may take a while
2016-10-21 21:22:02.214+0000 INFO  [o.n.k.a.i.l.LuceneLabelScanStore] Lucene scan store rebuilt (roughly 0 nodes)
2016-10-21 21:22:02.217+0000 INFO  [o.n.k.i.DatabaseHealth] Database health set to OK
2016-10-21 21:22:02.490+0000 INFO  [o.n.k.i.t.l.c.CheckPointerImpl] Check Pointing triggered by database shutdown [1]:  Starting check pointing...
2016-10-21 21:22:02.490+0000 INFO  [o.n.k.i.t.l.c.CheckPointerImpl] Check Pointing triggered by database shutdown [1]:  Starting store flush...
2016-10-21 21:22:02.498+0000 INFO  [o.n.k.i.t.l.c.CheckPointerImpl] Check Pointing triggered by database shutdown [1]:  Store flush completed
2016-10-21 21:22:02.498+0000 INFO  [o.n.k.i.t.l.c.CheckPointerImpl] Check Pointing triggered by database shutdown [1]:  Starting appending check point entry into the tx log...
2016-10-21 21:22:02.499+0000 INFO  [o.n.k.i.t.l.c.CheckPointerImpl] Check Pointing triggered by database shutdown [1]:  Appending check point entry into the tx log completed
2016-10-21 21:22:02.499+0000 INFO  [o.n.k.i.t.l.c.CheckPointerImpl] Check Pointing triggered by database shutdown [1]:  Check pointing completed
2016-10-21 21:22:02.499+0000 INFO  [o.n.k.i.t.l.p.LogPruningImpl] Log Rotation [0]:  Starting log pruning.
2016-10-21 21:22:02.500+0000 INFO  [o.n.k.i.t.l.p.LogPruningImpl] Log Rotation [0]:  Log pruning complete.
2016-10-21 21:22:02.510+0000 INFO  [o.n.k.i.DiagnosticsManager] --- STOPPING diagnostics START ---
2016-10-21 21:22:02.510+0000 INFO  [o.n.k.i.DiagnosticsManager] --- STOPPING diagnostics END ---
2016-10-21 21:22:02.510+0000 INFO  [o.n.k.i.f.CommunityFacadeFactory] Shutdown started
